"To Conv From Home",Saturday,1:20,1799
"From Conv To Home",Saturday,1:20,1779
"To Conv From Home",Saturday,1:40,1536
"From Conv To Home",Saturday,1:40,1687
"To Conv From Home",Saturday,2:0,1766
"From Conv To Home",Saturday,2:0,1566
"To Conv From Home",Saturday,2:20,1617
"From Conv To Home",Saturday,2:20,1440
"To Conv From Home",Saturday,2:40,1578
"From Conv To Home",Saturday,2:40,1431
"To Conv From Home",Saturday,3:0,1480
"From Conv To Home",Saturday,3:0,1453
"To Conv From Home",Saturday,3:20,1395
"From Conv To Home",Saturday,3:20,1446
"To Conv From Home",Saturday,3:40,1380
"From Conv To Home",Saturday,3:40,1440
"To Conv From Home",Saturday,4:0,1368
"From Conv To Home",Saturday,4:0,1427
"To Conv From Home",Saturday,4:20,1368
"From Conv To Home",Saturday,4:20,1331
"To Conv From Home",Saturday,4:40,1345
"From Conv To Home",Saturday,4:40,1294
"To Conv From Home",Saturday,5:0,1366
"From Conv To Home",Saturday,5:0,1319
"To Conv From Home",Saturday,5:20,1365
"From Conv To Home",Saturday,5:20,1315
"To Conv From Home",Saturday,5:40,1391
"From Conv To Home",Saturday,5:40,1355
"To Conv From Home",Saturday,6:0,1453
"From Conv To Home",Saturday,6:0,1453
"To Conv From Home",Saturday,6:20,1508
"From Conv To Home",Saturday,6:20,1352
"To Conv From Home",Saturday,6:40,1390
"From Conv To Home",Saturday,6:40,1291
"From Conv To Home",Saturday,7:0,1275
"To Conv From Home",Saturday,7:0,1359
"From Conv To Home",Saturday,7:20,1259
"To Conv From Home",Saturday,7:20,1353
"To Conv From Home",Saturday,7:40,1348
"From Conv To Home",Saturday,7:40,1262
"To Conv From Home",Saturday,8:0,1311
"From Conv To Home",Saturday,8:0,1290
"To Conv From Home",Saturday,8:20,1338
"From Conv To Home",Saturday,8:20,1280
"To Conv From Home",Saturday,8:40,1358
"From Conv To Home",Saturday,8:40,1239
"To Conv From Home",Saturday,9:0,1342
"From Conv To Home",Saturday,9:0,1262
"To Conv From Home",Saturday,9:20,1325
"From Conv To Home",Saturday,9:20,1235
"To Conv From Home",Saturday,9:40,1307
"From Conv To Home",Saturday,9:40,1233
"To Conv From Home",Saturday,10:0,1312
"From Conv To Home",Saturday,10:0,1254
"To Conv From Home",Saturday,10:20,1339
"From Conv To Home",Saturday,10:20,1246
"To Conv From Home",Saturday,10:40,1360
"From Conv To Home",Saturday,10:40,1236
"To Conv From Home",Saturday,11:0,1321
"From Conv To Home",Saturday,11:0,1237
"To Conv From Home",Saturday,11:20,1309
"From Conv To Home",Saturday,11:20,1214
"To Conv From Home",Saturday,11:40,1326
"From Conv To Home",Saturday,11:40,1223
"To Conv From Home",Saturday,12:0,1355
"From Conv To Home",Saturday,12:0,1218
"To Conv From Home",Saturday,12:20,1325
"From Conv To Home",Saturday,12:20,1237
"To Conv From Home",Saturday,12:40,1344
"From Conv To Home",Saturday,12:40,1253
"To Conv From Home",Saturday,13:0,1315
"From Conv To Home",Saturday,13:0,1243
"To Conv From Home",Saturday,13:20,1308
"From Conv To Home",Saturday,13:20,1241
"To Conv From Home",Saturday,13:40,1305
"From Conv To Home",Saturday,13:40,1245
"To Conv From Home",Saturday,14:0,1318
"From Conv To Home",Saturday,14:0,1236
"To Conv From Home",Saturday,14:20,1310
"From Conv To Home",Saturday,14:20,1234
"To Conv From Home",Saturday,14:40,1303
"From Conv To Home",Saturday,14:40,1224
"To Conv From Home",Saturday,15:0,1287
"From Conv To Home",Saturday,15:0,1219
"To Conv From Home",Saturday,15:20,1292
"From Conv To Home",Saturday,15:20,1263
"To Conv From Home",Saturday,15:40,1306
"From Conv To Home",Saturday,15:40,1292
"To Conv From Home",Saturday,16:0,1310
"From Conv To Home",Saturday,16:0,1239
"To Conv From Home",Saturday,16:20,1304
"From Conv To Home",Saturday,16:20,1278
"To Conv From Home",Saturday,16:40,1334
"From Conv To Home",Saturday,16:40,1284
"To Conv From Home",Saturday,17:0,1344
"From Conv To Home",Saturday,17:0,1271
"To Conv From Home",Saturday,17:20,1349
"From Conv To Home",Saturday,17:20,1373
"To Conv From Home",Saturday,17:40,1370
"From Conv To Home",Saturday,17:40,1323
"To Conv From Home",Saturday,18:0,1373
"From Conv To Home",Saturday,18:0,1350
"To Conv From Home",Saturday,18:20,1384
"From Conv To Home",Saturday,18:20,1344
"To Conv From Home",Saturday,18:40,1406
"From Conv To Home",Saturday,18:40,1428
"To Conv From Home",Saturday,19:0,1572
"From Conv To Home",Saturday,19:0,1394
"To Conv From Home",Saturday,19:20,1604
"From Conv To Home",Saturday,19:20,1410
"To Conv From Home",Saturday,19:40,1511
"From Conv To Home",Saturday,19:40,1477
"To Conv From Home",Saturday,20:0,1608
"From Conv To Home",Saturday,20:0,1487
"To Conv From Home",Saturday,20:20,1657
"From Conv To Home",Saturday,20:20,1569
"To Conv From Home",Saturday,20:40,1616
"From Conv To Home",Saturday,20:40,1509
"To Conv From Home",Saturday,21:0,1650
"From Conv To Home",Saturday,21:0,1528
"To Conv From Home",Saturday,21:20,1641
"From Conv To Home",Saturday,21:20,1557
"To Conv From Home",Saturday,21:40,1631
"From Conv To Home",Saturday,21:40,1574
"To Conv From Home",Saturday,22:0,1669
"From Conv To Home",Saturday,22:0,1502
"To Conv From Home",Saturday,22:20,1632
"From Conv To Home",Saturday,22:20,1503
"To Conv From Home",Saturday,22:40,1677
"From Conv To Home",Saturday,22:40,1535
"To Conv From Home",Saturday,23:0,1640
"From Conv To Home",Saturday,23:0,1568
"To Conv From Home",Saturday,23:20,1623
"From Conv To Home",Saturday,23:20,1525
"To Conv From Home",Saturday,23:40,1633
"From Conv To Home",Saturday,23:40,1494
"To Conv From Home",Sunday,0:0,1633
"From Conv To Home",Sunday,0:0,1560
"To Conv From Home",Sunday,0:20,1484
"From Conv To Home",Sunday,0:20,1475
"To Conv From Home",Sunday,0:40,1640
"From Conv To Home",Sunday,0:40,1486
"To Conv From Home",Sunday,1:0,1627
"From Conv To Home",Sunday,1:0,1498
"To Conv From Home",Sunday,1:20,1633
"From Conv To Home",Sunday,1:20,1440
"To Conv From Home",Sunday,1:40,1605
"From Conv To Home",Sunday,1:40,1453
"To Conv From Home",Sunday,2:0,1593
"From Conv To Home",Sunday,2:0,1439
"To Conv From Home",Sunday,2:20,1613
"From Conv To Home",Sunday,2:20,1500
"To Conv From Home",Sunday,2:40,1478
"From Conv To Home",Sunday,2:40,1455
"To Conv From Home",Sunday,3:0,1395
"From Conv To Home",Sunday,3:0,1442
"To Conv From Home",Sunday,3:20,1369
"From Conv To Home",Sunday,3:20,1421
"To Conv From Home",Sunday,3:40,1375
"From Conv To Home",Sunday,3:40,1405
"To Conv From Home",Sunday,4:0,1383
"From Conv To Home",Sunday,4:0,1354
"To Conv From Home",Sunday,4:20,1364
"From Conv To Home",Sunday,4:20,1352
"To Conv From Home",Sunday,4:40,1359
"From Conv To Home",Sunday,4:40,1341
"From Conv To Home",Sunday,5:0,1276
"To Conv From Home",Sunday,5:0,1367
"To Conv From Home",Sunday,5:20,1360
"From Conv To Home",Sunday,5:20,1408
"To Conv From Home",Sunday,5:40,1344
"From Conv To Home",Sunday,5:40,1304
"To Conv From Home",Sunday,6:0,1347
"From Conv To Home",Sunday,6:0,1326
"To Conv From Home",Sunday,6:20,1349
"From Conv To Home",Sunday,6:20,1357
"To Conv From Home",Sunday,6:40,1338
"From Conv To Home",Sunday,6:40,1291
"To Conv From Home",Sunday,7:0,1361
"From Conv To Home",Sunday,7:0,1358
"To Conv From Home",Sunday,7:20,1352
"From Conv To Home",Sunday,7:20,1271
"To Conv From Home",Sunday,7:40,1316
"From Conv To Home",Sunday,7:40,1279
"To Conv From Home",Sunday,8:0,1335
"From Conv To Home",Sunday,8:0,1242
"To Conv From Home",Sunday,8:20,1338
"From Conv To Home",Sunday,8:20,1239
"To Conv From Home",Sunday,8:40,1310
"From Conv To Home",Sunday,8:40,1276
"To Conv From Home",Sunday,9:0,1333
"From Conv To Home",Sunday,9:0,1259
"To Conv From Home",Sunday,9:20,1328
"From Conv To Home",Sunday,9:20,1239
"To Conv From Home",Sunday,9:40,1342
"From Conv To Home",Sunday,9:40,1229
"To Conv From Home",Sunday,10:0,1302
"From Conv To Home",Sunday,10:0,1312
"To Conv From Home",Sunday,10:20,1280
"From Conv To Home",Sunday,10:20,1235
"To Conv From Home",Sunday,10:40,1317
"From Conv To Home",Sunday,10:40,1291
"To Conv From Home",Sunday,11:0,1302
"From Conv To Home",Sunday,11:0,1249
"To Conv From Home",Sunday,11:20,1312
"From Conv To Home",Sunday,11:20,1237
"To Conv From Home",Sunday,11:40,1319
"From Conv To Home",Sunday,11:40,1232
"To Conv From Home",Sunday,12:0,1302
"From Conv To Home",Sunday,12:0,1240
"To Conv From Home",Sunday,12:20,1318
"From Conv To Home",Sunday,12:20,1227
"To Conv From Home",Sunday,12:40,1309
"From Conv To Home",Sunday,12:40,1235
"To Conv From Home",Sunday,13:0,1307
"From Conv To Home",Sunday,13:0,1244
"To Conv From Home",Sunday,13:20,1312
"From Conv To Home",Sunday,13:20,1229
"To Conv From Home",Sunday,13:40,1298
"From Conv To Home",Sunday,13:40,1232
"To Conv From Home",Sunday,14:0,1282
"From Conv To Home",Sunday,14:0,1233
"To Conv From Home",Sunday,14:20,1288
"From Conv To Home",Sunday,14:20,1311
"To Conv From Home",Sunday,14:40,1278
"From Conv To Home",Sunday,14:40,1271
"To Conv From Home",Sunday,15:0,1299
"From Conv To Home",Sunday,15:0,1280
"To Conv From Home",Sunday,15:20,1281
"From Conv To Home",Sunday,15:20,1220
"To Conv From Home",Sunday,15:40,1297
"From Conv To Home",Sunday,15:40,1271
"To Conv From Home",Sunday,16:0,1310
"From Conv To Home",Sunday,16:0,1256
"To Conv From Home",Sunday,16:20,1312
"From Conv To Home",Sunday,16:20,1322
"To Conv From Home",Sunday,16:40,1319
"From Conv To Home",Sunday,16:40,1292
"To Conv From Home",Sunday,17:0,1302
"From Conv To Home",Sunday,17:0,1282
"To Conv From Home",Sunday,17:20,1329
"From Conv To Home",Sunday,17:20,1343
"To Conv From Home",Sunday,17:40,1336
"From Conv To Home",Sunday,17:40,1310
"To Conv From Home",Sunday,18:0,1337
"From Conv To Home",Sunday,18:0,1292
"To Conv From Home",Sunday,18:20,1364
"From Conv To Home",Sunday,18:20,1320
"To Conv From Home",Sunday,18:40,1342
"From Conv To Home",Sunday,18:40,1336
"To Conv From Home",Sunday,19:0,1339
"From Conv To Home",Sunday,19:0,1362
"To Conv From Home",Sunday,19:20,1418
"From Conv To Home",Sunday,19:20,1395
"To Conv From Home",Sunday,19:40,1534
"From Conv To Home",Sunday,19:40,1470
"To Conv From Home",Sunday,20:0,1618
"From Conv To Home",Sunday,20:0,1462
"To Conv From Home",Sunday,20:20,1600
"From Conv To Home",Sunday,20:20,1574
"To Conv From Home",Sunday,20:40,1573
"From Conv To Home",Sunday,20:40,1552
"To Conv From Home",Sunday,21:0,1582
"From Conv To Home",Sunday,21:0,1522
"To Conv From Home",Sunday,21:20,1589
"From Conv To Home",Sunday,21:20,1469
"To Conv From Home",Sunday,21:40,1434
"From Conv To Home",Sunday,21:40,1440
"To Conv From Home",Sunday,22:0,1578
"From Conv To Home",Sunday,22:0,1501
"To Conv From Home",Sunday,22:20,1555
"From Conv To Home",Sunday,22:20,1459
"To Conv From Home",Sunday,22:40,1515
"From Conv To Home",Sunday,22:40,1495
"To Conv From Home",Sunday,23:0,1552
"From Conv To Home",Sunday,23:0,1458
"To Conv From Home",Sunday,23:20,1473
"From Conv To Home",Sunday,23:20,1490
"To Conv From Home",Sunday,23:40,1572
"From Conv To Home",Sunday,23:40,1384
"To Conv From Home",Monday,0:0,1564
"From Conv To Home",Monday,0:0,1392
"To Conv From Home",Monday,0:20,1478
"From Conv To Home",Monday,0:20,1423
"To Conv From Home",Monday,0:40,1468
"From Conv To Home",Monday,0:40,1450
"To Conv From Home",Monday,1:0,1449
"From Conv To Home",Monday,1:0,1425
"To Conv From Home",Monday,1:20,1456
"From Conv To Home",Monday,1:20,1374
"To Conv From Home",Monday,1:40,1474
"From Conv To Home",Monday,1:40,1370
"To Conv From Home",Monday,2:0,1325
"From Conv To Home",Monday,2:0,1334
"To Conv From Home",Monday,2:20,1337
"From Conv To Home",Monday,2:20,1319
"From Conv To Home",Monday,2:40,1315
"To Conv From Home",Monday,2:40,1390
"To Conv From Home",Monday,3:0,1386
"From Conv To Home",Monday,3:0,1335
"To Conv From Home",Monday,3:20,1397
"From Conv To Home",Monday,3:20,1315
"To Conv From Home",Monday,3:40,1369
"From Conv To Home",Monday,3:40,1272
"To Conv From Home",Monday,4:0,1340
"From Conv To Home",Monday,4:0,1317
"To Conv From Home",Monday,4:20,1320
"From Conv To Home",Monday,4:20,1285
"To Conv From Home",Monday,4:40,1326
"From Conv To Home",Monday,4:40,1272
"To Conv From Home",Monday,5:0,1307
"From Conv To Home",Monday,5:0,1263
"To Conv From Home",Monday,5:20,1333
"From Conv To Home",Monday,5:20,1267
"To Conv From Home",Monday,5:40,1333
"From Conv To Home",Monday,5:40,1255
"To Conv From Home",Monday,6:0,1327
"From Conv To Home",Monday,6:0,1216
"To Conv From Home",Monday,6:20,1324
"From Conv To Home",Monday,6:20,1252
"To Conv From Home",Monday,6:40,1337
"From Conv To Home",Monday,6:40,1267
"To Conv From Home",Monday,7:0,1319
"From Conv To Home",Monday,7:0,1240
"To Conv From Home",Monday,7:20,1326
"From Conv To Home",Monday,7:20,1266
"To Conv From Home",Monday,7:40,1343
"From Conv To Home",Monday,7:40,1245
"To Conv From Home",Monday,8:0,1330
"From Conv To Home",Monday,8:0,1244
"To Conv From Home",Monday,8:20,1338
"From Conv To Home",Monday,8:20,1228
"To Conv From Home",Monday,8:40,1366
"From Conv To Home",Monday,8:40,1327
"To Conv From Home",Monday,9:0,1341
"From Conv To Home",Monday,9:0,1329
"To Conv From Home",Monday,9:20,1331
"From Conv To Home",Monday,9:20,1338
"To Conv From Home",Monday,9:40,1329
"From Conv To Home",Monday,9:40,1325
"To Conv From Home",Monday,10:0,1323
"From Conv To Home",Monday,10:0,1327
"To Conv From Home",Monday,10:20,1315
"From Conv To Home",Monday,10:20,1337
"To Conv From Home",Monday,10:40,1324
"From Conv To Home",Monday,10:40,1221
"To Conv From Home",Monday,11:0,1319
"From Conv To Home",Monday,11:0,1231
"To Conv From Home",Monday,11:20,1303
"From Conv To Home",Monday,11:20,1239
"To Conv From Home",Monday,11:40,1319
"From Conv To Home",Monday,11:40,1220
"To Conv From Home",Monday,12:0,1329
"From Conv To Home",Monday,12:0,1254
"To Conv From Home",Monday,12:20,1346
"From Conv To Home",Monday,12:20,1215
"To Conv From Home",Monday,12:40,1370
"From Conv To Home",Monday,12:40,1243
"To Conv From Home",Monday,13:0,1422
"From Conv To Home",Monday,13:0,1273
"To Conv From Home",Monday,13:20,1622
"From Conv To Home",Monday,13:20,1286
"To Conv From Home",Monday,13:40,1825
"From Conv To Home",Monday,13:40,1330
"To Conv From Home",Monday,14:0,1923
"From Conv To Home",Monday,14:0,1329
"To Conv From Home",Monday,14:20,1988
"From Conv To Home",Monday,14:20,1346
"To Conv From Home",Monday,14:40,2025
"From Conv To Home",Monday,14:40,1419
"To Conv From Home",Monday,15:0,2111
"From Conv To Home",Monday,15:0,1432
"To Conv From Home",Monday,15:20,1952
"From Conv To Home",Monday,15:20,1482
"To Conv From Home",Monday,15:40,1887
"From Conv To Home",Monday,15:40,1393
"To Conv From Home",Monday,16:0,1704
"From Conv To Home",Monday,16:0,1375
"To Conv From Home",Monday,16:20,1636
"From Conv To Home",Monday,16:20,1368
"To Conv From Home",Monday,16:40,1666
"From Conv To Home",Monday,16:40,1401
"To Conv From Home",Monday,17:0,1641
"From Conv To Home",Monday,17:0,1401
"To Conv From Home",Monday,17:20,1436
"From Conv To Home",Monday,17:20,1404
"To Conv From Home",Monday,17:40,1529
"From Conv To Home",Monday,17:40,1377
"To Conv From Home",Monday,18:0,1591
"From Conv To Home",Monday,18:0,1364
"From Conv To Home",Monday,18:20,1367
"To Conv From Home",Monday,18:20,1471
"To Conv From Home",Monday,18:40,1478
"From Conv To Home",Monday,18:40,1399
"To Conv From Home",Monday,19:0,1509
"From Conv To Home",Monday,19:0,1439
"To Conv From Home",Monday,19:20,1460
"From Conv To Home",Monday,19:20,1462
"To Conv From Home",Monday,19:40,1527
"From Conv To Home",Monday,19:40,1473
"To Conv From Home",Monday,20:0,1583
"From Conv To Home",Monday,20:0,1461
"From Conv To Home",Monday,20:20,1511
"To Conv From Home",Monday,20:20,1536
"From Conv To Home",Monday,20:40,1474
"To Conv From Home",Monday,20:40,1505
"To Conv From Home",Monday,21:0,1479
"From Conv To Home",Monday,21:0,1514
"To Conv From Home",Monday,21:20,1547
"From Conv To Home",Monday,21:20,1592
"To Conv From Home",Monday,21:40,1533
"From Conv To Home",Monday,21:40,1625
"To Conv From Home",Monday,22:0,1659
"From Conv To Home",Monday,22:0,1658
"To Conv From Home",Monday,22:20,1714
"From Conv To Home",Monday,22:20,1837
"To Conv From Home",Monday,22:40,1664
"From Conv To Home",Monday,22:40,1945
"To Conv From Home",Monday,23:0,1754
"From Conv To Home",Monday,23:0,2073
"To Conv From Home",Monday,23:20,1743
"From Conv To Home",Monday,23:20,2095
"To Conv From Home",Monday,23:40,1706
"From Conv To Home",Monday,23:40,2107
"To Conv From Home",Tuesday,0:0,1560
"From Conv To Home",Tuesday,0:0,2044
"To Conv From Home",Tuesday,0:20,1565
"From Conv To Home",Tuesday,0:20,2091
"To Conv From Home",Tuesday,0:40,1443
"From Conv To Home",Tuesday,0:40,2063
"To Conv From Home",Tuesday,1:0,1383
"From Conv To Home",Tuesday,1:0,1783
"To Conv From Home",Tuesday,1:20,1387
"From Conv To Home",Tuesday,1:20,1507
"To Conv From Home",Tuesday,1:40,1409
"From Conv To Home",Tuesday,1:40,1327
"To Conv From Home",Tuesday,2:0,1393
"From Conv To Home",Tuesday,2:0,1298
"To Conv From Home",Tuesday,2:20,1384
"From Conv To Home",Tuesday,2:20,1364
"To Conv From Home",Tuesday,2:40,1362
"From Conv To Home",Tuesday,2:40,1313
"To Conv From Home",Tuesday,3:0,1363
"From Conv To Home",Tuesday,3:0,1400
"To Conv From Home",Tuesday,3:20,1348
"From Conv To Home",Tuesday,3:20,1318
"To Conv From Home",Tuesday,3:40,1363
"From Conv To Home",Tuesday,3:40,1383
"To Conv From Home",Tuesday,4:0,1353
"From Conv To Home",Tuesday,4:0,1316
"To Conv From Home",Tuesday,4:20,1358
"From Conv To Home",Tuesday,4:20,1350
"To Conv From Home",Tuesday,4:40,1329
"From Conv To Home",Tuesday,4:40,1330
"To Conv From Home",Tuesday,5:0,1375
"From Conv To Home",Tuesday,5:0,1281
"To Conv From Home",Tuesday,5:20,1369
"From Conv To Home",Tuesday,5:20,1435
"To Conv From Home",Tuesday,5:40,1349
"From Conv To Home",Tuesday,5:40,1372
"To Conv From Home",Tuesday,6:0,1336
"From Conv To Home",Tuesday,6:0,1284
"To Conv From Home",Tuesday,6:20,1317
"From Conv To Home",Tuesday,6:20,1324
"To Conv From Home",Tuesday,6:40,1339
"From Conv To Home",Tuesday,6:40,1255
"To Conv From Home",Tuesday,7:0,1379
"From Conv To Home",Tuesday,7:0,1264
"To Conv From Home",Tuesday,7:20,1319
"From Conv To Home",Tuesday,7:20,1259
"To Conv From Home",Tuesday,7:40,1348
"From Conv To Home",Tuesday,7:40,1262
"To Conv From Home",Tuesday,8:0,1330
"From Conv To Home",Tuesday,8:0,1341
"To Conv From Home",Tuesday,8:20,1330
"From Conv To Home",Tuesday,8:20,1346
"To Conv From Home",Tuesday,8:40,1341
"From Conv To Home",Tuesday,8:40,1358
"To Conv From Home",Tuesday,9:0,1351
"From Conv To Home",Tuesday,9:0,1351
"To Conv From Home",Tuesday,9:20,1305
"From Conv To Home",Tuesday,9:20,1342
"To Conv From Home",Tuesday,9:40,1323
"From Conv To Home",Tuesday,9:40,1350
"To Conv From Home",Tuesday,10:0,1339
"From Conv To Home",Tuesday,10:0,1263
"To Conv From Home",Tuesday,10:20,1355
"From Conv To Home",Tuesday,10:20,1278
"To Conv From Home",Tuesday,10:40,1326
"From Conv To Home",Tuesday,10:40,1258
"To Conv From Home",Tuesday,11:0,1317
"From Conv To Home",Tuesday,11:0,1243
"To Conv From Home",Tuesday,11:20,1357
"From Conv To Home",Tuesday,11:20,1265
"To Conv From Home",Tuesday,11:40,1335
"From Conv To Home",Tuesday,11:40,1284
"To Conv From Home",Tuesday,12:0,1325
"From Conv To Home",Tuesday,12:0,1266
"To Conv From Home",Tuesday,12:20,1343
"From Conv To Home",Tuesday,12:20,1281
"To Conv From Home",Tuesday,12:40,1370
"From Conv To Home",Tuesday,12:40,1254
"To Conv From Home",Tuesday,13:0,1463
"From Conv To Home",Tuesday,13:0,1267
"To Conv From Home",Tuesday,13:20,1698
"From Conv To Home",Tuesday,13:20,1284
"To Conv From Home",Tuesday,13:40,1919
"From Conv To Home",Tuesday,13:40,1308
"To Conv From Home",Tuesday,14:0,2086
"From Conv To Home",Tuesday,14:0,1327
"To Conv From Home",Tuesday,14:20,2218
"From Conv To Home",Tuesday,14:20,1413
"To Conv From Home",Tuesday,14:40,2400
"From Conv To Home",Tuesday,14:40,1417
"To Conv From Home",Tuesday,15:0,2257
"From Conv To Home",Tuesday,15:0,1435
"To Conv From Home",Tuesday,15:20,2304
"From Conv To Home",Tuesday,15:20,1539
"To Conv From Home",Tuesday,15:40,2291
"From Conv To Home",Tuesday,15:40,1508
"To Conv From Home",Tuesday,16:0,1919
"From Conv To Home",Tuesday,16:0,1414
"To Conv From Home",Tuesday,16:20,1810
"From Conv To Home",Tuesday,16:20,1547
"To Conv From Home",Tuesday,16:40,1719
"From Conv To Home",Tuesday,16:40,1532
"To Conv From Home",Tuesday,17:0,1687
"From Conv To Home",Tuesday,17:0,1531
"To Conv From Home",Tuesday,17:20,1685
"From Conv To Home",Tuesday,17:20,1450
"To Conv From Home",Tuesday,17:40,1653
"From Conv To Home",Tuesday,17:40,1384
"To Conv From Home",Tuesday,18:0,1681
"From Conv To Home",Tuesday,18:0,1437
"To Conv From Home",Tuesday,18:20,1705
"From Conv To Home",Tuesday,18:20,1531
"To Conv From Home",Tuesday,18:40,1721
"From Conv To Home",Tuesday,18:40,1459
"To Conv From Home",Tuesday,19:0,1674
"From Conv To Home",Tuesday,19:0,1567
"To Conv From Home",Tuesday,19:20,1677
"From Conv To Home",Tuesday,19:20,1508
"To Conv From Home",Tuesday,19:40,1677
"From Conv To Home",Tuesday,19:40,1588
"To Conv From Home",Tuesday,20:0,1604
"From Conv To Home",Tuesday,20:0,1556
"To Conv From Home",Tuesday,20:20,1661
"From Conv To Home",Tuesday,20:20,1600
"To Conv From Home",Tuesday,20:40,1675
"From Conv To Home",Tuesday,20:40,1593
"To Conv From Home",Tuesday,21:0,1720
"From Conv To Home",Tuesday,21:0,1614
"To Conv From Home",Tuesday,21:20,1712
"From Conv To Home",Tuesday,21:20,1657
"To Conv From Home",Tuesday,21:40,1684
"From Conv To Home",Tuesday,21:40,1705
"To Conv From Home",Tuesday,22:0,1704
"From Conv To Home",Tuesday,22:0,1770
"To Conv From Home",Tuesday,22:20,1732
"From Conv To Home",Tuesday,22:20,1882
"To Conv From Home",Tuesday,22:40,1723
"From Conv To Home",Tuesday,22:40,1995
"To Conv From Home",Tuesday,23:0,1795
"From Conv To Home",Tuesday,23:0,2078
"To Conv From Home",Tuesday,23:20,1843
"From Conv To Home",Tuesday,23:20,2238
"To Conv From Home",Tuesday,23:40,1828
"From Conv To Home",Tuesday,23:40,2135
"To Conv From Home",Wednesday,0:0,2002
"From Conv To Home",Wednesday,0:0,2056
"To Conv From Home",Wednesday,0:20,1917
"From Conv To Home",Wednesday,0:20,2131
"To Conv From Home",Wednesday,0:40,1679
"From Conv To Home",Wednesday,0:40,2157
"To Conv From Home",Wednesday,1:0,1431
"From Conv To Home",Wednesday,1:0,1787
"To Conv From Home",Wednesday,1:20,1395
"From Conv To Home",Wednesday,1:20,1564
"To Conv From Home",Wednesday,1:40,1357
"From Conv To Home",Wednesday,1:40,1432
"To Conv From Home",Wednesday,2:0,1322
"From Conv To Home",Wednesday,2:0,1336
"To Conv From Home",Wednesday,2:20,1350
"From Conv To Home",Wednesday,2:20,1322
"To Conv From Home",Wednesday,2:40,1339
"From Conv To Home",Wednesday,2:40,1343
"To Conv From Home",Wednesday,3:0,1348
"From Conv To Home",Wednesday,3:0,1403
"To Conv From Home",Wednesday,3:20,1355
"From Conv To Home",Wednesday,3:20,1382
"To Conv From Home",Wednesday,3:40,1376
"From Conv To Home",Wednesday,3:40,1374
"To Conv From Home",Wednesday,4:0,1343
"From Conv To Home",Wednesday,4:0,1381
"To Conv From Home",Wednesday,4:20,1351
"From Conv To Home",Wednesday,4:20,1393
"To Conv From Home",Wednesday,4:40,1385
"From Conv To Home",Wednesday,4:40,1377
"To Conv From Home",Wednesday,5:0,1352
"From Conv To Home",Wednesday,5:0,1275
"To Conv From Home",Wednesday,5:20,1354
"From Conv To Home",Wednesday,5:20,1349
"To Conv From Home",Wednesday,5:40,1336
"From Conv To Home",Wednesday,5:40,1342
"To Conv From Home",Wednesday,6:0,1340
"From Conv To Home",Wednesday,6:0,1337
"To Conv From Home",Wednesday,6:20,1333
"From Conv To Home",Wednesday,6:20,1352
"To Conv From Home",Wednesday,6:40,1348
"From Conv To Home",Wednesday,6:40,1348
"To Conv From Home",Wednesday,7:0,1338
"From Conv To Home",Wednesday,7:0,1308
"To Conv From Home",Wednesday,7:20,1326
"From Conv To Home",Wednesday,7:20,1249
"To Conv From Home",Wednesday,7:40,1353
"From Conv To Home",Wednesday,7:40,1273
"To Conv From Home",Wednesday,8:0,1351
"From Conv To Home",Wednesday,8:0,1250
"To Conv From Home",Wednesday,8:20,1339
"From Conv To Home",Wednesday,8:20,1315
"To Conv From Home",Wednesday,8:40,1342
"From Conv To Home",Wednesday,8:40,1245
"To Conv From Home",Wednesday,9:0,1359
"From Conv To Home",Wednesday,9:0,1262
"To Conv From Home",Wednesday,9:20,1326
"From Conv To Home",Wednesday,9:20,1253
"To Conv From Home",Wednesday,9:40,1333
"From Conv To Home",Wednesday,9:40,1253
"To Conv From Home",Wednesday,10:0,1320
"From Conv To Home",Wednesday,10:0,1250
"To Conv From Home",Wednesday,10:20,1353
"From Conv To Home",Wednesday,10:20,1259
"To Conv From Home",Wednesday,10:40,1312
"From Conv To Home",Wednesday,10:40,1263
"To Conv From Home",Wednesday,11:0,1370
"From Conv To Home",Wednesday,11:0,1258
"To Conv From Home",Wednesday,11:20,1314
"From Conv To Home",Wednesday,11:20,1243
"To Conv From Home",Wednesday,11:40,1330
"From Conv To Home",Wednesday,11:40,1267
"To Conv From Home",Wednesday,12:0,1318
"From Conv To Home",Wednesday,12:0,1262
"To Conv From Home",Wednesday,12:20,1356
"From Conv To Home",Wednesday,12:20,1304
"To Conv From Home",Wednesday,12:40,1399
"From Conv To Home",Wednesday,12:40,1285
"To Conv From Home",Wednesday,13:0,1441
"From Conv To Home",Wednesday,13:0,1290
"To Conv From Home",Wednesday,13:20,1738
"From Conv To Home",Wednesday,13:20,1316
"To Conv From Home",Wednesday,13:40,1866
"From Conv To Home",Wednesday,13:40,1346
"To Conv From Home",Wednesday,14:0,2001
"From Conv To Home",Wednesday,14:0,1344
"To Conv From Home",Wednesday,14:20,2067
"From Conv To Home",Wednesday,14:20,1403
"To Conv From Home",Wednesday,14:40,2373
"From Conv To Home",Wednesday,14:40,1478
"To Conv From Home",Wednesday,15:0,2256
"From Conv To Home",Wednesday,15:0,1574
"To Conv From Home",Wednesday,15:20,2240
"From Conv To Home",Wednesday,15:20,1582
"To Conv From Home",Wednesday,15:40,2020
"From Conv To Home",Wednesday,15:40,1453
"To Conv From Home",Wednesday,16:0,1791
"From Conv To Home",Wednesday,16:0,1334
"To Conv From Home",Wednesday,16:20,1667
"From Conv To Home",Wednesday,16:20,1411
"To Conv From Home",Wednesday,16:40,1647
"From Conv To Home",Wednesday,16:40,1398
"To Conv From Home",Wednesday,17:0,1507
"From Conv To Home",Wednesday,17:0,1348
"To Conv From Home",Wednesday,17:20,1442
"From Conv To Home",Wednesday,17:20,1349
"To Conv From Home",Wednesday,17:40,1501
"From Conv To Home",Wednesday,17:40,1420
"To Conv From Home",Wednesday,18:0,1585
"From Conv To Home",Wednesday,18:0,1384
"To Conv From Home",Wednesday,18:20,1474
"From Conv To Home",Wednesday,18:20,1386
"To Conv From Home",Wednesday,18:40,1540
"From Conv To Home",Wednesday,18:40,1388
"To Conv From Home",Wednesday,19:0,1495
"From Conv To Home",Wednesday,19:0,1440
"To Conv From Home",Wednesday,19:20,1464
"From Conv To Home",Wednesday,19:20,1448
"To Conv From Home",Wednesday,19:40,1472
"From Conv To Home",Wednesday,19:40,1454
"To Conv From Home",Wednesday,20:0,1578
"From Conv To Home",Wednesday,20:0,1500
"To Conv From Home",Wednesday,20:20,1515
"From Conv To Home",Wednesday,20:20,1574
"To Conv From Home",Wednesday,20:40,1543
"From Conv To Home",Wednesday,20:40,1576
"To Conv From Home",Wednesday,21:0,1547
"From Conv To Home",Wednesday,21:0,1577
"To Conv From Home",Wednesday,21:20,1673
"From Conv To Home",Wednesday,21:20,1600
"To Conv From Home",Wednesday,21:40,1674
"From Conv To Home",Wednesday,21:40,1640
"To Conv From Home",Wednesday,22:0,1688
"From Conv To Home",Wednesday,22:0,1704
"To Conv From Home",Wednesday,22:20,1710
"From Conv To Home",Wednesday,22:20,1748
"To Conv From Home",Wednesday,22:40,1771
"From Conv To Home",Wednesday,22:40,1929
"To Conv From Home",Wednesday,23:0,1793
"From Conv To Home",Wednesday,23:0,2024
"To Conv From Home",Wednesday,23:20,1811
"From Conv To Home",Wednesday,23:20,2131
"To Conv From Home",Wednesday,23:40,1875
"From Conv To Home",Wednesday,23:40,2236
"To Conv From Home",Thursday,0:0,1976
"From Conv To Home",Thursday,0:0,2089
"To Conv From Home",Thursday,0:20,1810
"From Conv To Home",Thursday,0:20,2229
"To Conv From Home",Thursday,0:40,1704
"From Conv To Home",Thursday,0:40,2058
"To Conv From Home",Thursday,1:0,1486
"From Conv To Home",Thursday,1:0,1830
"To Conv From Home",Thursday,1:20,1441
"From Conv To Home",Thursday,1:20,1589
"To Conv From Home",Thursday,1:40,1425
"From Conv To Home",Thursday,1:40,1459
"To Conv From Home",Thursday,2:0,1340
"From Conv To Home",Thursday,2:0,1447
"To Conv From Home",Thursday,2:20,1334
"From Conv To Home",Thursday,2:20,1339
"To Conv From Home",Thursday,2:40,1377
"From Conv To Home",Thursday,2:40,1322
"To Conv From Home",Thursday,3:0,1366
"From Conv To Home",Thursday,3:0,1417
"To Conv From Home",Thursday,3:20,1398
"From Conv To Home",Thursday,3:20,1410
"To Conv From Home",Thursday,3:40,1378
"From Conv To Home",Thursday,3:40,1397
"To Conv From Home",Thursday,4:0,1370
"From Conv To Home",Thursday,4:0,1383
"To Conv From Home",Thursday,4:20,1373
"From Conv To Home",Thursday,4:20,1400
"To Conv From Home",Thursday,4:40,1350
"From Conv To Home",Thursday,4:40,1424
"To Conv From Home",Thursday,5:0,1335
"From Conv To Home",Thursday,5:0,1410
"To Conv From Home",Thursday,5:20,1331
"From Conv To Home",Thursday,5:20,1360
"To Conv From Home",Thursday,5:40,1314
"From Conv To Home",Thursday,5:40,1356
"To Conv From Home",Thursday,6:0,1340
"From Conv To Home",Thursday,6:0,1352
"To Conv From Home",Thursday,6:20,1312
"From Conv To Home",Thursday,6:20,1339
"To Conv From Home",Thursday,6:40,1350
"From Conv To Home",Thursday,6:40,1362
"To Conv From Home",Thursday,7:0,1328
"From Conv To Home",Thursday,7:0,1390
"To Conv From Home",Thursday,7:20,1321
"From Conv To Home",Thursday,7:20,1244
"To Conv From Home",Thursday,7:40,1302
"From Conv To Home",Thursday,7:40,1243
"To Conv From Home",Thursday,8:0,1325
"From Conv To Home",Thursday,8:0,1248
"To Conv From Home",Thursday,8:20,1329
"From Conv To Home",Thursday,8:20,1225
"To Conv From Home",Thursday,8:40,1360
"From Conv To Home",Thursday,8:40,1223
"To Conv From Home",Thursday,9:0,1344
"From Conv To Home",Thursday,9:0,1243
"To Conv From Home",Thursday,9:20,1353
"From Conv To Home",Thursday,9:20,1250
"To Conv From Home",Thursday,9:40,1320
"From Conv To Home",Thursday,9:40,1244
"To Conv From Home",Thursday,10:0,1346
"From Conv To Home",Thursday,10:0,1235
"To Conv From Home",Thursday,10:20,1311
"From Conv To Home",Thursday,10:20,1243
"To Conv From Home",Thursday,10:40,1314
"From Conv To Home",Thursday,10:40,1239
"To Conv From Home",Thursday,11:0,1313
"From Conv To Home",Thursday,11:0,1231
"To Conv From Home",Thursday,11:20,1302
"From Conv To Home",Thursday,11:20,1231
"To Conv From Home",Thursday,11:40,1308
"From Conv To Home",Thursday,11:40,1232
"To Conv From Home",Thursday,12:0,1322
"From Conv To Home",Thursday,12:0,1296
"To Conv From Home",Thursday,12:20,1379
"From Conv To Home",Thursday,12:20,1266
"To Conv From Home",Thursday,12:40,1380
"From Conv To Home",Thursday,12:40,1279
"To Conv From Home",Thursday,13:0,1403
"From Conv To Home",Thursday,13:0,1282
"To Conv From Home",Thursday,13:20,1631
"From Conv To Home",Thursday,13:20,1307
"To Conv From Home",Thursday,13:40,1911
"From Conv To Home",Thursday,13:40,1335
"To Conv From Home",Thursday,14:0,2042
"From Conv To Home",Thursday,14:0,1351
"To Conv From Home",Thursday,14:20,2207
"From Conv To Home",Thursday,14:20,1384
"To Conv From Home",Thursday,14:40,2310
"From Conv To Home",Thursday,14:40,1384
"To Conv From Home",Thursday,15:0,2250
"From Conv To Home",Thursday,15:0,1394
"To Conv From Home",Thursday,15:20,2360
"From Conv To Home",Thursday,15:20,1399
"To Conv From Home",Thursday,15:40,2090
"From Conv To Home",Thursday,15:40,1398
"To Conv From Home",Thursday,16:0,1909
"From Conv To Home",Thursday,16:0,1419
"To Conv From Home",Thursday,16:20,1769
"From Conv To Home",Thursday,16:20,1374
"To Conv From Home",Thursday,16:40,1703
"From Conv To Home",Thursday,16:40,1381
"To Conv From Home",Thursday,17:0,1623
"From Conv To Home",Thursday,17:0,1374
"To Conv From Home",Thursday,17:20,1600
"From Conv To Home",Thursday,17:20,1344
"To Conv From Home",Thursday,17:40,1630
"From Conv To Home",Thursday,17:40,1380
"To Conv From Home",Thursday,18:0,1459
"From Conv To Home",Thursday,18:0,1367
"To Conv From Home",Thursday,18:20,1528
"From Conv To Home",Thursday,18:20,1399
"To Conv From Home",Thursday,18:40,1476
"From Conv To Home",Thursday,18:40,1401
"To Conv From Home",Thursday,19:0,1632
"From Conv To Home",Thursday,19:0,1431
"To Conv From Home",Thursday,19:20,1480
"From Conv To Home",Thursday,19:20,1510
"To Conv From Home",Thursday,19:40,1522
"From Conv To Home",Thursday,19:40,1539
"To Conv From Home",Thursday,20:0,1528
"From Conv To Home",Thursday,20:0,1476
"To Conv From Home",Thursday,20:20,1589
"From Conv To Home",Thursday,20:20,1579
"To Conv From Home",Thursday,20:40,1652
"From Conv To Home",Thursday,20:40,1463
"To Conv From Home",Thursday,21:0,1569
"From Conv To Home",Thursday,21:0,1607
"To Conv From Home",Thursday,21:20,1716
"From Conv To Home",Thursday,21:20,1626
"To Conv From Home",Thursday,21:40,1612
"From Conv To Home",Thursday,21:40,1661
"To Conv From Home",Thursday,22:0,1675
"From Conv To Home",Thursday,22:0,1712
"To Conv From Home",Thursday,22:20,1735
"From Conv To Home",Thursday,22:20,1895
"To Conv From Home",Thursday,22:40,1773
"From Conv To Home",Thursday,22:40,1931
"To Conv From Home",Thursday,23:0,1848
"From Conv To Home",Thursday,23:0,2084
"To Conv From Home",Thursday,23:20,1899
"From Conv To Home",Thursday,23:20,2097
"To Conv From Home",Thursday,23:40,1979
"From Conv To Home",Thursday,23:40,2076
"To Conv From Home",Friday,0:0,2058
"From Conv To Home",Friday,0:0,2191
"To Conv From Home",Friday,0:20,1910
"From Conv To Home",Friday,0:20,2114
"To Conv From Home",Friday,0:40,1682
"From Conv To Home",Friday,0:40,1929
"To Conv From Home",Friday,1:0,1466
"From Conv To Home",Friday,1:0,1747
"To Conv From Home",Friday,1:20,1426
"From Conv To Home",Friday,1:20,1567
"To Conv From Home",Friday,1:40,1514
"From Conv To Home",Friday,1:40,1465
"To Conv From Home",Friday,2:0,1426
"From Conv To Home",Friday,2:0,1500
"To Conv From Home",Friday,2:20,1424
"From Conv To Home",Friday,2:20,1470
"To Conv From Home",Friday,2:40,1371
"From Conv To Home",Friday,2:40,1459
"To Conv From Home",Friday,3:0,1364
"From Conv To Home",Friday,3:0,1311
"To Conv From Home",Friday,3:20,1425
"From Conv To Home",Friday,3:20,1346
"To Conv From Home",Friday,3:40,1484
"From Conv To Home",Friday,3:40,1399
"To Conv From Home",Friday,4:0,1407
"From Conv To Home",Friday,4:0,1403
"To Conv From Home",Friday,4:20,1396
"From Conv To Home",Friday,4:20,1445
"To Conv From Home",Friday,4:40,1541
"From Conv To Home",Friday,4:40,1472
"To Conv From Home",Friday,5:0,1449
"From Conv To Home",Friday,5:0,1502
"To Conv From Home",Friday,5:20,1392
"From Conv To Home",Friday,5:20,1434
"To Conv From Home",Friday,5:40,1397
"From Conv To Home",Friday,5:40,1336
"To Conv From Home",Friday,6:0,1400
"From Conv To Home",Friday,6:0,1321
"To Conv From Home",Friday,6:20,1376
"From Conv To Home",Friday,6:20,1274
"To Conv From Home",Friday,6:40,1363
"From Conv To Home",Friday,6:40,1263
"To Conv From Home",Friday,7:0,1379
"From Conv To Home",Friday,7:0,1249
"To Conv From Home",Friday,7:20,1361
"From Conv To Home",Friday,7:20,1246
"To Conv From Home",Friday,7:40,1330
"From Conv To Home",Friday,7:40,1229
"To Conv From Home",Friday,8:0,1344
"From Conv To Home",Friday,8:0,1269
"To Conv From Home",Friday,8:20,1348
"From Conv To Home",Friday,8:20,1259
"To Conv From Home",Friday,8:40,1361
"From Conv To Home",Friday,8:40,1249
"To Conv From Home",Friday,9:0,1367
"From Conv To Home",Friday,9:0,1233
"To Conv From Home",Friday,9:20,1358
"From Conv To Home",Friday,9:20,1242
"To Conv From Home",Friday,9:40,1376
"From Conv To Home",Friday,9:40,1257
"To Conv From Home",Friday,10:0,1337
"From Conv To Home",Friday,10:0,1257
"To Conv From Home",Friday,10:20,1327
"From Conv To Home",Friday,10:20,1233
"To Conv From Home",Friday,10:40,1308
"From Conv To Home",Friday,10:40,1259
"To Conv From Home",Friday,11:0,1326
"From Conv To Home",Friday,11:0,1258
"To Conv From Home",Friday,11:20,1310
"From Conv To Home",Friday,11:20,1229
"To Conv From Home",Friday,11:40,1319
"From Conv To Home",Friday,11:40,1244
"To Conv From Home",Friday,12:0,1331
"From Conv To Home",Friday,12:0,1238
"To Conv From Home",Friday,12:20,1359
"From Conv To Home",Friday,12:20,1234
"To Conv From Home",Friday,12:40,1372
"From Conv To Home",Friday,12:40,1258
"To Conv From Home",Friday,13:0,1390
"From Conv To Home",Friday,13:0,1276
"To Conv From Home",Friday,13:20,1627
"From Conv To Home",Friday,13:20,1288
"To Conv From Home",Friday,13:40,1684
"From Conv To Home",Friday,13:40,1330
"To Conv From Home",Friday,14:0,1723
"From Conv To Home",Friday,14:0,1344
"To Conv From Home",Friday,14:20,1791
"From Conv To Home",Friday,14:20,1336
"To Conv From Home",Friday,14:40,1925
"From Conv To Home",Friday,14:40,1419
"To Conv From Home",Friday,15:0,1873
"From Conv To Home",Friday,15:0,1415
"To Conv From Home",Friday,15:20,1784
"From Conv To Home",Friday,15:20,1435
"To Conv From Home",Friday,15:40,1768
"From Conv To Home",Friday,15:40,1354
"To Conv From Home",Friday,16:0,1707
"From Conv To Home",Friday,16:0,1369
"To Conv From Home",Friday,16:20,1586
"From Conv To Home",Friday,16:20,1373
"To Conv From Home",Friday,16:40,1637
"From Conv To Home",Friday,16:40,1371
"To Conv From Home",Friday,17:0,1637
"From Conv To Home",Friday,17:0,1399
"To Conv From Home",Friday,17:20,1643
"From Conv To Home",Friday,17:20,1395
"To Conv From Home",Friday,17:40,1636
"From Conv To Home",Friday,17:40,1370
"To Conv From Home",Friday,18:0,1530
"From Conv To Home",Friday,18:0,1400
"To Conv From Home",Friday,18:20,1575
"From Conv To Home",Friday,18:20,1525
"To Conv From Home",Friday,18:40,1608
"From Conv To Home",Friday,18:40,1477
"To Conv From Home",Friday,19:0,1462
"From Conv To Home",Friday,19:0,1496
"To Conv From Home",Friday,19:20,1503
"From Conv To Home",Friday,19:20,1453
"To Conv From Home",Friday,19:40,1564
"From Conv To Home",Friday,19:40,1516
"To Conv From Home",Friday,20:0,1715
"From Conv To Home",Friday,20:0,1588
"From Conv To Home",Friday,20:20,1578
"To Conv From Home",Friday,20:40,1689
"From Conv To Home",Friday,20:40,1612
"To Conv From Home",Friday,21:0,1688
"From Conv To Home",Friday,21:0,1629
"From Conv To Home",Friday,21:20,1672
"To Conv From Home",Friday,21:20,1824
"From Conv To Home",Friday,21:40,1783
"To Conv From Home",Friday,21:40,1719
"To Conv From Home",Friday,22:0,1775
"From Conv To Home",Friday,22:0,1793
"To Conv From Home",Friday,22:20,1842
"From Conv To Home",Friday,22:20,2008
"To Conv From Home",Friday,22:40,1801
"From Conv To Home",Friday,22:40,2078
"To Conv From Home",Friday,23:0,1861
"From Conv To Home",Friday,23:0,2085
"To Conv From Home",Friday,23:20,1974
"From Conv To Home",Friday,23:20,2171
"To Conv From Home",Friday,23:40,1974
"From Conv To Home",Friday,23:40,2065
"From Conv To Home",Saturday,0:0,1984
"To Conv From Home",Saturday,0:0,1933
"To Conv From Home",Saturday,0:20,1984
"From Conv To Home",Saturday,0:20,1902
"From Conv To Home",Saturday,0:40,2012
"To Conv From Home",Saturday,0:40,1884
"To Conv From Home",Saturday,1:0,1814
"From Conv To Home",Saturday,1:0,1727
"To Conv From Home",Saturday,1:20,1743
"From Conv To Home",Saturday,1:20,1666
"To Conv From Home",Saturday,1:40,1613
"From Conv To Home",Saturday,1:40,1487
"From Conv To Home",Saturday,2:0,1463
"To Conv From Home",Saturday,2:0,1448
"From Conv To Home",Saturday,2:20,1416
"To Conv From Home",Saturday,2:20,1393
"To Conv From Home",Saturday,2:40,1402
"From Conv To Home",Saturday,2:40,1444
"To Conv From Home",Saturday,3:0,1392
"From Conv To Home",Saturday,3:0,1413
"To Conv From Home",Saturday,3:20,1435
"From Conv To Home",Saturday,3:20,1421
"To Conv From Home",Saturday,3:40,1388
"From Conv To Home",Saturday,3:40,1410
"To Conv From Home",Saturday,4:0,1375
"From Conv To Home",Saturday,4:0,1320
"To Conv From Home",Saturday,4:20,1384
"From Conv To Home",Saturday,4:20,1365
"To Conv From Home",Saturday,4:40,1405
"From Conv To Home",Saturday,4:40,1323
"To Conv From Home",Saturday,5:0,1361
"From Conv To Home",Saturday,5:0,1327
"To Conv From Home",Saturday,5:20,1369
"From Conv To Home",Saturday,5:20,1289
"To Conv From Home",Saturday,5:40,1360
"From Conv To Home",Saturday,5:40,1275
"To Conv From Home",Saturday,6:0,1369
"From Conv To Home",Saturday,6:0,1271
"To Conv From Home",Saturday,6:20,1332
"From Conv To Home",Saturday,6:20,1278
"To Conv From Home",Saturday,6:40,1328
"From Conv To Home",Saturday,6:40,1246
"To Conv From Home",Saturday,7:0,1336
"From Conv To Home",Saturday,7:0,1246
"To Conv From Home",Saturday,7:20,1325
"From Conv To Home",Saturday,7:20,1236
"To Conv From Home",Saturday,7:40,1352
"From Conv To Home",Saturday,7:40,1247
"To Conv From Home",Saturday,8:0,1314
"From Conv To Home",Saturday,8:0,1248
"To Conv From Home",Saturday,8:20,1321
"From Conv To Home",Saturday,8:20,1227
"To Conv From Home",Saturday,8:40,1333
"From Conv To Home",Saturday,8:40,1240
"To Conv From Home",Saturday,9:0,1352
"From Conv To Home",Saturday,9:0,1232
"To Conv From Home",Saturday,9:20,1305
"From Conv To Home",Saturday,9:20,1248
"To Conv From Home",Saturday,9:40,1312
"From Conv To Home",Saturday,9:40,1248
"To Conv From Home",Saturday,10:0,1307
"From Conv To Home",Saturday,10:0,1233
"To Conv From Home",Saturday,10:20,1312
"From Conv To Home",Saturday,10:20,1231
"To Conv From Home",Saturday,10:40,1306
"From Conv To Home",Saturday,10:40,1240
"To Conv From Home",Saturday,11:0,1324
"From Conv To Home",Saturday,11:0,1220
"To Conv From Home",Saturday,11:20,1321
"From Conv To Home",Saturday,11:20,1278
"To Conv From Home",Saturday,11:40,1324
"From Conv To Home",Saturday,11:40,1236
"To Conv From Home",Saturday,12:0,1311
"From Conv To Home",Saturday,12:0,1256
"To Conv From Home",Saturday,12:20,1311
"From Conv To Home",Saturday,12:20,1264
"To Conv From Home",Saturday,12:40,1289
"From Conv To Home",Saturday,12:40,1234
"To Conv From Home",Saturday,13:0,1306
"From Conv To Home",Saturday,13:0,1244
"To Conv From Home",Saturday,13:20,1303
"From Conv To Home",Saturday,13:20,1237
"To Conv From Home",Saturday,13:40,1302
"From Conv To Home",Saturday,13:40,1255
"To Conv From Home",Saturday,14:0,1309
"From Conv To Home",Saturday,14:0,1237
"To Conv From Home",Saturday,14:20,1308
"From Conv To Home",Saturday,14:20,1268
"To Conv From Home",Saturday,14:40,1309
"From Conv To Home",Saturday,14:40,1273
"To Conv From Home",Saturday,15:0,1313
"From Conv To Home",Saturday,15:0,1292
"To Conv From Home",Saturday,15:20,1338
"From Conv To Home",Saturday,15:20,1264
"To Conv From Home",Saturday,15:40,1329
"From Conv To Home",Saturday,15:40,1312
"To Conv From Home",Saturday,16:0,1340
"From Conv To Home",Saturday,16:0,1290
"To Conv From Home",Saturday,16:20,1362
"From Conv To Home",Saturday,16:20,1364
"To Conv From Home",Saturday,16:40,1380
"From Conv To Home",Saturday,16:40,1375
"To Conv From Home",Saturday,17:0,1360
"From Conv To Home",Saturday,17:0,1366
"To Conv From Home",Saturday,17:20,1411
"From Conv To Home",Saturday,17:20,1322
"To Conv From Home",Saturday,17:40,1411
"From Conv To Home",Saturday,17:40,1402
"To Conv From Home",Saturday,18:0,1415
"From Conv To Home",Saturday,18:0,1393
"To Conv From Home",Saturday,18:20,1429
"From Conv To Home",Saturday,18:20,1356
"To Conv From Home",Saturday,18:40,1494
"From Conv To Home",Saturday,18:40,1396
"To Conv From Home",Saturday,19:0,1525
"From Conv To Home",Saturday,19:0,1381
"To Conv From Home",Saturday,19:20,1510
"From Conv To Home",Saturday,19:20,1468
"To Conv From Home",Saturday,19:40,1611
"From Conv To Home",Saturday,19:40,1468
"To Conv From Home",Saturday,20:0,1596
"From Conv To Home",Saturday,20:0,1584
"To Conv From Home",Saturday,20:20,1582
"From Conv To Home",Saturday,20:20,1562
"To Conv From Home",Saturday,20:40,1622
"From Conv To Home",Saturday,20:40,1527
"To Conv From Home",Saturday,21:0,1657
"From Conv To Home",Saturday,21:0,1583
"To Conv From Home",Saturday,21:20,1698
"From Conv To Home",Saturday,21:20,1557
"To Conv From Home",Saturday,21:40,1662
"From Conv To Home",Saturday,21:40,1612
"To Conv From Home",Saturday,22:0,1627
"From Conv To Home",Saturday,22:0,1611
"To Conv From Home",Saturday,22:20,1616
"From Conv To Home",Saturday,22:20,1548
"To Conv From Home",Saturday,22:40,1632
"From Conv To Home",Saturday,22:40,1496
"To Conv From Home",Saturday,23:0,1626
"From Conv To Home",Saturday,23:0,1530
"To Conv From Home",Saturday,23:20,1630
"From Conv To Home",Saturday,23:20,1498
"To Conv From Home",Saturday,23:40,1628
"From Conv To Home",Saturday,23:40,1539
"To Conv From Home",Sunday,0:0,1610
"From Conv To Home",Sunday,0:0,1477
"To Conv From Home",Sunday,0:20,1607
"From Conv To Home",Sunday,0:20,1539
"To Conv From Home",Sunday,0:40,1629
"From Conv To Home",Sunday,0:40,1431
"To Conv From Home",Sunday,1:0,1458
"From Conv To Home",Sunday,1:0,1441
"To Conv From Home",Sunday,1:20,1576
"From Conv To Home",Sunday,1:20,1447
"To Conv From Home",Sunday,1:40,1490
"From Conv To Home",Sunday,1:40,1369
"To Conv From Home",Sunday,2:0,1343
"From Conv To Home",Sunday,2:0,1360
