"To ODOT From Home",Saturday,1:20,1659
"From ODOT To Home",Saturday,1:20,1666
"To ODOT From Home",Saturday,1:40,1579
"From ODOT To Home",Saturday,1:40,1560
"To ODOT From Home",Saturday,2:0,1504
"From ODOT To Home",Saturday,2:0,1454
"To ODOT From Home",Saturday,2:20,1473
"From ODOT To Home",Saturday,2:20,1468
"To ODOT From Home",Saturday,2:40,1440
"From ODOT To Home",Saturday,2:40,1428
"To ODOT From Home",Saturday,3:0,1440
"From ODOT To Home",Saturday,3:0,1337
"To ODOT From Home",Saturday,3:20,1421
"From ODOT To Home",Saturday,3:20,1328
"To ODOT From Home",Saturday,3:40,1413
"From ODOT To Home",Saturday,3:40,1340
"To ODOT From Home",Saturday,4:0,1393
"From ODOT To Home",Saturday,4:0,1348
"To ODOT From Home",Saturday,4:20,1414
"From ODOT To Home",Saturday,4:20,1311
"To ODOT From Home",Saturday,4:40,1390
"From ODOT To Home",Saturday,4:40,1332
"To ODOT From Home",Saturday,5:0,1385
"From ODOT To Home",Saturday,5:0,1330
"To ODOT From Home",Saturday,5:20,1350
"From ODOT To Home",Saturday,5:20,1327
"To ODOT From Home",Saturday,5:40,1381
"From ODOT To Home",Saturday,5:40,1344
"To ODOT From Home",Saturday,6:0,1363
"From ODOT To Home",Saturday,6:0,1308
"To ODOT From Home",Saturday,6:20,1357
"From ODOT To Home",Saturday,6:20,1320
"To ODOT From Home",Saturday,6:40,1343
"From ODOT To Home",Saturday,6:40,1330
"To ODOT From Home",Saturday,7:0,1326
"From ODOT To Home",Saturday,7:0,1287
"To ODOT From Home",Saturday,7:20,1319
"From ODOT To Home",Saturday,7:20,1311
"To ODOT From Home",Saturday,7:40,1340
"From ODOT To Home",Saturday,7:40,1301
"To ODOT From Home",Saturday,8:0,1315
"From ODOT To Home",Saturday,8:0,1262
"To ODOT From Home",Saturday,8:20,1345
"From ODOT To Home",Saturday,8:20,1255
"To ODOT From Home",Saturday,8:40,1400
"From ODOT To Home",Saturday,8:40,1232
"To ODOT From Home",Saturday,9:0,1364
"From ODOT To Home",Saturday,9:0,1231
"To ODOT From Home",Saturday,9:20,1323
"From ODOT To Home",Saturday,9:20,1250
"To ODOT From Home",Saturday,9:40,1299
"From ODOT To Home",Saturday,9:40,1240
"To ODOT From Home",Saturday,10:0,1298
"From ODOT To Home",Saturday,10:0,1240
"To ODOT From Home",Saturday,10:20,1294
"From ODOT To Home",Saturday,10:20,1236
"To ODOT From Home",Saturday,10:40,1293
"From ODOT To Home",Saturday,10:40,1218
"To ODOT From Home",Saturday,11:0,1292
"From ODOT To Home",Saturday,11:0,1214
"To ODOT From Home",Saturday,11:20,1276
"From ODOT To Home",Saturday,11:20,1227
"To ODOT From Home",Saturday,11:40,1270
"From ODOT To Home",Saturday,11:40,1232
"To ODOT From Home",Saturday,12:0,1299
"From ODOT To Home",Saturday,12:0,1246
"To ODOT From Home",Saturday,12:20,1295
"From ODOT To Home",Saturday,12:20,1227
"To ODOT From Home",Saturday,12:40,1302
"From ODOT To Home",Saturday,12:40,1239
"To ODOT From Home",Saturday,13:0,1300
"From ODOT To Home",Saturday,13:0,1245
"To ODOT From Home",Saturday,13:20,1292
"From ODOT To Home",Saturday,13:20,1252
"To ODOT From Home",Saturday,13:40,1287
"From ODOT To Home",Saturday,13:40,1252
"To ODOT From Home",Saturday,14:0,1291
"From ODOT To Home",Saturday,14:0,1232
"To ODOT From Home",Saturday,14:20,1285
"From ODOT To Home",Saturday,14:20,1234
"To ODOT From Home",Saturday,14:40,1289
"From ODOT To Home",Saturday,14:40,1243
"To ODOT From Home",Saturday,15:0,1270
"From ODOT To Home",Saturday,15:0,1242
"To ODOT From Home",Saturday,15:20,1292
"From ODOT To Home",Saturday,15:20,1238
"To ODOT From Home",Saturday,15:40,1305
"From ODOT To Home",Saturday,15:40,1263
"To ODOT From Home",Saturday,16:0,1333
"From ODOT To Home",Saturday,16:0,1269
"To ODOT From Home",Saturday,16:20,1323
"From ODOT To Home",Saturday,16:20,1310
"To ODOT From Home",Saturday,16:40,1344
"From ODOT To Home",Saturday,16:40,1333
"To ODOT From Home",Saturday,17:0,1369
"From ODOT To Home",Saturday,17:0,1324
"To ODOT From Home",Saturday,17:20,1401
"From ODOT To Home",Saturday,17:20,1354
"To ODOT From Home",Saturday,17:40,1414
"From ODOT To Home",Saturday,17:40,1342
"To ODOT From Home",Saturday,18:0,1414
"From ODOT To Home",Saturday,18:0,1330
"To ODOT From Home",Saturday,18:20,1425
"From ODOT To Home",Saturday,18:20,1364
"To ODOT From Home",Saturday,18:40,1416
"From ODOT To Home",Saturday,18:40,1352
"To ODOT From Home",Saturday,19:0,1421
"From ODOT To Home",Saturday,19:0,1361
"To ODOT From Home",Saturday,19:20,1446
"From ODOT To Home",Saturday,19:20,1405
"To ODOT From Home",Saturday,19:40,1418
"From ODOT To Home",Saturday,19:40,1375
"To ODOT From Home",Saturday,20:0,1434
"From ODOT To Home",Saturday,20:0,1383
"To ODOT From Home",Saturday,20:20,1449
"From ODOT To Home",Saturday,20:20,1450
"To ODOT From Home",Saturday,20:40,1445
"From ODOT To Home",Saturday,20:40,1420
"To ODOT From Home",Saturday,21:0,1482
"From ODOT To Home",Saturday,21:0,1416
"To ODOT From Home",Saturday,21:20,1479
"From ODOT To Home",Saturday,21:20,1443
"To ODOT From Home",Saturday,21:40,1499
"From ODOT To Home",Saturday,21:40,1464
"To ODOT From Home",Saturday,22:0,1484
"From ODOT To Home",Saturday,22:0,1405
"To ODOT From Home",Saturday,22:20,1477
"From ODOT To Home",Saturday,22:20,1417
"To ODOT From Home",Saturday,22:40,1491
"From ODOT To Home",Saturday,22:40,1417
"To ODOT From Home",Saturday,23:0,1452
"From ODOT To Home",Saturday,23:0,1458
"To ODOT From Home",Saturday,23:20,1438
"From ODOT To Home",Saturday,23:20,1374
"To ODOT From Home",Saturday,23:40,1448
"From ODOT To Home",Saturday,23:40,1388
"To ODOT From Home",Sunday,0:0,1456
"From ODOT To Home",Sunday,0:0,1454
"To ODOT From Home",Sunday,0:20,1480
"From ODOT To Home",Sunday,0:20,1370
"To ODOT From Home",Sunday,0:40,1460
"From ODOT To Home",Sunday,0:40,1374
"To ODOT From Home",Sunday,1:0,1438
"From ODOT To Home",Sunday,1:0,1449
"To ODOT From Home",Sunday,1:20,1454
"From ODOT To Home",Sunday,1:20,1385
"To ODOT From Home",Sunday,1:40,1448
"From ODOT To Home",Sunday,1:40,1347
"To ODOT From Home",Sunday,2:0,1438
"From ODOT To Home",Sunday,2:0,1332
"To ODOT From Home",Sunday,2:20,1465
"From ODOT To Home",Sunday,2:20,1393
"To ODOT From Home",Sunday,2:40,1415
"From ODOT To Home",Sunday,2:40,1348
"To ODOT From Home",Sunday,3:0,1423
"From ODOT To Home",Sunday,3:0,1345
"To ODOT From Home",Sunday,3:20,1416
"From ODOT To Home",Sunday,3:20,1336
"To ODOT From Home",Sunday,3:40,1421
"From ODOT To Home",Sunday,3:40,1316
"To ODOT From Home",Sunday,4:0,1407
"From ODOT To Home",Sunday,4:0,1334
"To ODOT From Home",Sunday,4:20,1367
"From ODOT To Home",Sunday,4:20,1311
"To ODOT From Home",Sunday,4:40,1364
"From ODOT To Home",Sunday,4:40,1303
"To ODOT From Home",Sunday,5:0,1363
"From ODOT To Home",Sunday,5:0,1295
"To ODOT From Home",Sunday,5:20,1360
"From ODOT To Home",Sunday,5:20,1313
"To ODOT From Home",Sunday,5:40,1354
"From ODOT To Home",Sunday,5:40,1333
"To ODOT From Home",Sunday,6:0,1335
"From ODOT To Home",Sunday,6:0,1282
"To ODOT From Home",Sunday,6:20,1320
"From ODOT To Home",Sunday,6:20,1262
"To ODOT From Home",Sunday,6:40,1343
"From ODOT To Home",Sunday,6:40,1279
"To ODOT From Home",Sunday,7:0,1324
"From ODOT To Home",Sunday,7:0,1250
"To ODOT From Home",Sunday,7:20,1318
"From ODOT To Home",Sunday,7:20,1234
"To ODOT From Home",Sunday,7:40,1292
"From ODOT To Home",Sunday,7:40,1244
"To ODOT From Home",Sunday,8:0,1297
"From ODOT To Home",Sunday,8:0,1258
"To ODOT From Home",Sunday,8:20,1311
"From ODOT To Home",Sunday,8:20,1277
"To ODOT From Home",Sunday,8:40,1287
"From ODOT To Home",Sunday,8:40,1262
"To ODOT From Home",Sunday,9:0,1271
"From ODOT To Home",Sunday,9:0,1275
"To ODOT From Home",Sunday,9:20,1292
"From ODOT To Home",Sunday,9:20,1269
"To ODOT From Home",Sunday,9:40,1282
"From ODOT To Home",Sunday,9:40,1237
"To ODOT From Home",Sunday,10:0,1281
"From ODOT To Home",Sunday,10:0,1232
"To ODOT From Home",Sunday,10:20,1281
"From ODOT To Home",Sunday,10:20,1222
"To ODOT From Home",Sunday,10:40,1279
"From ODOT To Home",Sunday,10:40,1200
"To ODOT From Home",Sunday,11:0,1327
"From ODOT To Home",Sunday,11:0,1231
"To ODOT From Home",Sunday,11:20,1355
"From ODOT To Home",Sunday,11:20,1239
"To ODOT From Home",Sunday,11:40,1340
"From ODOT To Home",Sunday,11:40,1217
"To ODOT From Home",Sunday,12:0,1327
"From ODOT To Home",Sunday,12:0,1232
"To ODOT From Home",Sunday,12:20,1293
"From ODOT To Home",Sunday,12:20,1241
"To ODOT From Home",Sunday,12:40,1290
"From ODOT To Home",Sunday,12:40,1272
"To ODOT From Home",Sunday,13:0,1274
"From ODOT To Home",Sunday,13:0,1267
"To ODOT From Home",Sunday,13:20,1307
"From ODOT To Home",Sunday,13:20,1230
"To ODOT From Home",Sunday,13:40,1301
"From ODOT To Home",Sunday,13:40,1230
"To ODOT From Home",Sunday,14:0,1283
"From ODOT To Home",Sunday,14:0,1218
"To ODOT From Home",Sunday,14:20,1285
"From ODOT To Home",Sunday,14:20,1219
"To ODOT From Home",Sunday,14:40,1265
"From ODOT To Home",Sunday,14:40,1223
"To ODOT From Home",Sunday,15:0,1278
"From ODOT To Home",Sunday,15:0,1240
"To ODOT From Home",Sunday,15:20,1278
"From ODOT To Home",Sunday,15:20,1268
"To ODOT From Home",Sunday,15:40,1307
"From ODOT To Home",Sunday,15:40,1311
"To ODOT From Home",Sunday,16:0,1340
"From ODOT To Home",Sunday,16:0,1283
"To ODOT From Home",Sunday,16:20,1349
"From ODOT To Home",Sunday,16:20,1322
"To ODOT From Home",Sunday,16:40,1349
"From ODOT To Home",Sunday,16:40,1319
"To ODOT From Home",Sunday,17:0,1380
"From ODOT To Home",Sunday,17:0,1322
"To ODOT From Home",Sunday,17:20,1379
"From ODOT To Home",Sunday,17:20,1325
"To ODOT From Home",Sunday,17:40,1378
"From ODOT To Home",Sunday,17:40,1321
"To ODOT From Home",Sunday,18:0,1387
"From ODOT To Home",Sunday,18:0,1356
"To ODOT From Home",Sunday,18:20,1435
"From ODOT To Home",Sunday,18:20,1335
"To ODOT From Home",Sunday,18:40,1429
"From ODOT To Home",Sunday,18:40,1328
"To ODOT From Home",Sunday,19:0,1412
"From ODOT To Home",Sunday,19:0,1346
"To ODOT From Home",Sunday,19:20,1436
"From ODOT To Home",Sunday,19:20,1347
"To ODOT From Home",Sunday,19:40,1471
"From ODOT To Home",Sunday,19:40,1368
"To ODOT From Home",Sunday,20:0,1480
"From ODOT To Home",Sunday,20:0,1357
"To ODOT From Home",Sunday,20:20,1475
"From ODOT To Home",Sunday,20:20,1487
"To ODOT From Home",Sunday,20:40,1433
"From ODOT To Home",Sunday,20:40,1447
"To ODOT From Home",Sunday,21:0,1440
"From ODOT To Home",Sunday,21:0,1427
"To ODOT From Home",Sunday,21:20,1455
"From ODOT To Home",Sunday,21:20,1378
"To ODOT From Home",Sunday,21:40,1429
"From ODOT To Home",Sunday,21:40,1349
"To ODOT From Home",Sunday,22:0,1428
"From ODOT To Home",Sunday,22:0,1390
"To ODOT From Home",Sunday,22:20,1411
"From ODOT To Home",Sunday,22:20,1343
"To ODOT From Home",Sunday,22:40,1442
"From ODOT To Home",Sunday,22:40,1403
"To ODOT From Home",Sunday,23:0,1399
"From ODOT To Home",Sunday,23:0,1377
"To ODOT From Home",Sunday,23:20,1427
"From ODOT To Home",Sunday,23:20,1377
"To ODOT From Home",Sunday,23:40,1412
"From ODOT To Home",Sunday,23:40,1349
"To ODOT From Home",Monday,0:0,1405
"From ODOT To Home",Monday,0:0,1363
"To ODOT From Home",Monday,0:20,1427
"From ODOT To Home",Monday,0:20,1333
"To ODOT From Home",Monday,0:40,1403
"From ODOT To Home",Monday,0:40,1368
"To ODOT From Home",Monday,1:0,1400
"From ODOT To Home",Monday,1:0,1337
"To ODOT From Home",Monday,1:20,1437
"From ODOT To Home",Monday,1:20,1361
"To ODOT From Home",Monday,1:40,1438
"From ODOT To Home",Monday,1:40,1334
"To ODOT From Home",Monday,2:0,1389
"From ODOT To Home",Monday,2:0,1317
"To ODOT From Home",Monday,2:20,1392
"From ODOT To Home",Monday,2:20,1304
"To ODOT From Home",Monday,2:40,1421
"From ODOT To Home",Monday,2:40,1316
"To ODOT From Home",Monday,3:0,1405
"From ODOT To Home",Monday,3:0,1329
"To ODOT From Home",Monday,3:20,1426
"From ODOT To Home",Monday,3:20,1323
"To ODOT From Home",Monday,3:40,1372
"From ODOT To Home",Monday,3:40,1322
"To ODOT From Home",Monday,4:0,1376
"From ODOT To Home",Monday,4:0,1318
"To ODOT From Home",Monday,4:20,1334
"From ODOT To Home",Monday,4:20,1288
"To ODOT From Home",Monday,4:40,1310
"From ODOT To Home",Monday,4:40,1325
"To ODOT From Home",Monday,5:0,1295
"From ODOT To Home",Monday,5:0,1280
"To ODOT From Home",Monday,5:20,1304
"From ODOT To Home",Monday,5:20,1262
"To ODOT From Home",Monday,5:40,1318
"From ODOT To Home",Monday,5:40,1267
"To ODOT From Home",Monday,6:0,1302
"From ODOT To Home",Monday,6:0,1262
"To ODOT From Home",Monday,6:20,1292
"From ODOT To Home",Monday,6:20,1241
"To ODOT From Home",Monday,6:40,1299
"From ODOT To Home",Monday,6:40,1231
"To ODOT From Home",Monday,7:0,1313
"From ODOT To Home",Monday,7:0,1242
"To ODOT From Home",Monday,7:20,1303
"From ODOT To Home",Monday,7:20,1247
"To ODOT From Home",Monday,7:40,1316
"From ODOT To Home",Monday,7:40,1234
"To ODOT From Home",Monday,8:0,1300
"From ODOT To Home",Monday,8:0,1224
"To ODOT From Home",Monday,8:20,1301
"From ODOT To Home",Monday,8:20,1225
"To ODOT From Home",Monday,8:40,1346
"From ODOT To Home",Monday,8:40,1238
"To ODOT From Home",Monday,9:0,1368
"From ODOT To Home",Monday,9:0,1233
"To ODOT From Home",Monday,9:20,1282
"From ODOT To Home",Monday,9:20,1234
"To ODOT From Home",Monday,9:40,1279
"From ODOT To Home",Monday,9:40,1229
"To ODOT From Home",Monday,10:0,1277
"From ODOT To Home",Monday,10:0,1241
"To ODOT From Home",Monday,10:20,1292
"From ODOT To Home",Monday,10:20,1255
"To ODOT From Home",Monday,10:40,1308
"From ODOT To Home",Monday,10:40,1274
"To ODOT From Home",Monday,11:0,1312
"From ODOT To Home",Monday,11:0,1274
"To ODOT From Home",Monday,11:20,1310
"From ODOT To Home",Monday,11:20,1263
"To ODOT From Home",Monday,11:40,1300
"From ODOT To Home",Monday,11:40,1270
"To ODOT From Home",Monday,12:0,1300
"From ODOT To Home",Monday,12:0,1298
"To ODOT From Home",Monday,12:20,1306
"From ODOT To Home",Monday,12:20,1317
"To ODOT From Home",Monday,12:40,1330
"From ODOT To Home",Monday,12:40,1342
"To ODOT From Home",Monday,13:0,1435
"From ODOT To Home",Monday,13:0,1355
"To ODOT From Home",Monday,13:20,1564
"From ODOT To Home",Monday,13:20,1353
"To ODOT From Home",Monday,13:40,1686
"From ODOT To Home",Monday,13:40,1361
"To ODOT From Home",Monday,14:0,1774
"From ODOT To Home",Monday,14:0,1404
"To ODOT From Home",Monday,14:20,1810
"From ODOT To Home",Monday,14:20,1425
"To ODOT From Home",Monday,14:40,1858
"From ODOT To Home",Monday,14:40,1438
"To ODOT From Home",Monday,15:0,1979
"From ODOT To Home",Monday,15:0,1473
"To ODOT From Home",Monday,15:20,1804
"From ODOT To Home",Monday,15:20,1422
"To ODOT From Home",Monday,15:40,1732
"From ODOT To Home",Monday,15:40,1420
"To ODOT From Home",Monday,16:0,1552
"From ODOT To Home",Monday,16:0,1452
"To ODOT From Home",Monday,16:20,1498
"From ODOT To Home",Monday,16:20,1417
"To ODOT From Home",Monday,16:40,1518
"From ODOT To Home",Monday,16:40,1383
"To ODOT From Home",Monday,17:0,1494
"From ODOT To Home",Monday,17:0,1367
"To ODOT From Home",Monday,17:20,1478
"From ODOT To Home",Monday,17:20,1386
"To ODOT From Home",Monday,17:40,1465
"From ODOT To Home",Monday,17:40,1389
"To ODOT From Home",Monday,18:0,1523
"From ODOT To Home",Monday,18:0,1413
"To ODOT From Home",Monday,18:20,1465
"From ODOT To Home",Monday,18:20,1393
"To ODOT From Home",Monday,18:40,1464
"From ODOT To Home",Monday,18:40,1420
"To ODOT From Home",Monday,19:0,1442
"From ODOT To Home",Monday,19:0,1425
"To ODOT From Home",Monday,19:20,1483
"From ODOT To Home",Monday,19:20,1499
"To ODOT From Home",Monday,19:40,1514
"From ODOT To Home",Monday,19:40,1453
"To ODOT From Home",Monday,20:0,1503
"From ODOT To Home",Monday,20:0,1436
"To ODOT From Home",Monday,20:20,1474
"From ODOT To Home",Monday,20:20,1421
"To ODOT From Home",Monday,20:40,1474
"From ODOT To Home",Monday,20:40,1465
"To ODOT From Home",Monday,21:0,1495
"From ODOT To Home",Monday,21:0,1480
"To ODOT From Home",Monday,21:20,1506
"From ODOT To Home",Monday,21:20,1498
"To ODOT From Home",Monday,21:40,1498
"From ODOT To Home",Monday,21:40,1507
"To ODOT From Home",Monday,22:0,1488
"From ODOT To Home",Monday,22:0,1560
"To ODOT From Home",Monday,22:20,1549
"From ODOT To Home",Monday,22:20,1709
"To ODOT From Home",Monday,22:40,1504
"From ODOT To Home",Monday,22:40,1821
"To ODOT From Home",Monday,23:0,1553
"From ODOT To Home",Monday,23:0,1962
"To ODOT From Home",Monday,23:20,1537
"From ODOT To Home",Monday,23:20,2057
"To ODOT From Home",Monday,23:40,1590
"From ODOT To Home",Monday,23:40,2037
"To ODOT From Home",Tuesday,0:0,1592
"From ODOT To Home",Tuesday,0:0,2171
"To ODOT From Home",Tuesday,0:20,1553
"From ODOT To Home",Tuesday,0:20,2318
"To ODOT From Home",Tuesday,0:40,1464
"From ODOT To Home",Tuesday,0:40,2032
"To ODOT From Home",Tuesday,1:0,1472
"From ODOT To Home",Tuesday,1:0,1706
"To ODOT From Home",Tuesday,1:20,1439
"From ODOT To Home",Tuesday,1:20,1412
"To ODOT From Home",Tuesday,1:40,1429
"From ODOT To Home",Tuesday,1:40,1356
"To ODOT From Home",Tuesday,2:0,1416
"From ODOT To Home",Tuesday,2:0,1307
"To ODOT From Home",Tuesday,2:20,1371
"From ODOT To Home",Tuesday,2:20,1318
"To ODOT From Home",Tuesday,2:40,1375
"From ODOT To Home",Tuesday,2:40,1323
"To ODOT From Home",Tuesday,3:0,1368
"From ODOT To Home",Tuesday,3:0,1309
"To ODOT From Home",Tuesday,3:20,1350
"From ODOT To Home",Tuesday,3:20,1305
"To ODOT From Home",Tuesday,3:40,1357
"From ODOT To Home",Tuesday,3:40,1293
"To ODOT From Home",Tuesday,4:0,1364
"From ODOT To Home",Tuesday,4:0,1321
"To ODOT From Home",Tuesday,4:20,1357
"From ODOT To Home",Tuesday,4:20,1336
"To ODOT From Home",Tuesday,4:40,1352
"From ODOT To Home",Tuesday,4:40,1313
"To ODOT From Home",Tuesday,5:0,1343
"From ODOT To Home",Tuesday,5:0,1289
"To ODOT From Home",Tuesday,5:20,1352
"From ODOT To Home",Tuesday,5:20,1291
"To ODOT From Home",Tuesday,5:40,1359
"From ODOT To Home",Tuesday,5:40,1255
"To ODOT From Home",Tuesday,6:0,1353
"From ODOT To Home",Tuesday,6:0,1246
"To ODOT From Home",Tuesday,6:20,1315
"From ODOT To Home",Tuesday,6:20,1232
"To ODOT From Home",Tuesday,6:40,1313
"From ODOT To Home",Tuesday,6:40,1246
"To ODOT From Home",Tuesday,7:0,1300
"From ODOT To Home",Tuesday,7:0,1250
"To ODOT From Home",Tuesday,7:20,1291
"From ODOT To Home",Tuesday,7:20,1271
"To ODOT From Home",Tuesday,7:40,1296
"From ODOT To Home",Tuesday,7:40,1280
"To ODOT From Home",Tuesday,8:0,1298
"From ODOT To Home",Tuesday,8:0,1251
"To ODOT From Home",Tuesday,8:20,1306
"From ODOT To Home",Tuesday,8:20,1249
"To ODOT From Home",Tuesday,8:40,1288
"From ODOT To Home",Tuesday,8:40,1261
"To ODOT From Home",Tuesday,9:0,1295
"From ODOT To Home",Tuesday,9:0,1258
"To ODOT From Home",Tuesday,9:20,1288
"From ODOT To Home",Tuesday,9:20,1253
"To ODOT From Home",Tuesday,9:40,1292
"From ODOT To Home",Tuesday,9:40,1267
"To ODOT From Home",Tuesday,10:0,1292
"From ODOT To Home",Tuesday,10:0,1271
"To ODOT From Home",Tuesday,10:20,1292
"From ODOT To Home",Tuesday,10:20,1269
"To ODOT From Home",Tuesday,10:40,1293
"From ODOT To Home",Tuesday,10:40,1250
"To ODOT From Home",Tuesday,11:0,1298
"From ODOT To Home",Tuesday,11:0,1258
"To ODOT From Home",Tuesday,11:20,1325
"From ODOT To Home",Tuesday,11:20,1275
"To ODOT From Home",Tuesday,11:40,1327
"From ODOT To Home",Tuesday,11:40,1298
"To ODOT From Home",Tuesday,12:0,1351
"From ODOT To Home",Tuesday,12:0,1297
"To ODOT From Home",Tuesday,12:20,1336
"From ODOT To Home",Tuesday,12:20,1303
"To ODOT From Home",Tuesday,12:40,1379
"From ODOT To Home",Tuesday,12:40,1339
"To ODOT From Home",Tuesday,13:0,1444
"From ODOT To Home",Tuesday,13:0,1363
"To ODOT From Home",Tuesday,13:20,1538
"From ODOT To Home",Tuesday,13:20,1365
"To ODOT From Home",Tuesday,13:40,1747
"From ODOT To Home",Tuesday,13:40,1390
"To ODOT From Home",Tuesday,14:0,1887
"From ODOT To Home",Tuesday,14:0,1398
"To ODOT From Home",Tuesday,14:20,2050
"From ODOT To Home",Tuesday,14:20,1418
"To ODOT From Home",Tuesday,14:40,2200
"From ODOT To Home",Tuesday,14:40,1476
"To ODOT From Home",Tuesday,15:0,2089
"From ODOT To Home",Tuesday,15:0,1485
"To ODOT From Home",Tuesday,15:20,2145
"From ODOT To Home",Tuesday,15:20,1445
"To ODOT From Home",Tuesday,15:40,2113
"From ODOT To Home",Tuesday,15:40,1452
"To ODOT From Home",Tuesday,16:0,1748
"From ODOT To Home",Tuesday,16:0,1467
"To ODOT From Home",Tuesday,16:20,1666
"From ODOT To Home",Tuesday,16:20,1449
"To ODOT From Home",Tuesday,16:40,1577
"From ODOT To Home",Tuesday,16:40,1436
"To ODOT From Home",Tuesday,17:0,1535
"From ODOT To Home",Tuesday,17:0,1437
"To ODOT From Home",Tuesday,17:20,1529
"From ODOT To Home",Tuesday,17:20,1430
"To ODOT From Home",Tuesday,17:40,1509
"From ODOT To Home",Tuesday,17:40,1426
"To ODOT From Home",Tuesday,18:0,1514
"From ODOT To Home",Tuesday,18:0,1438
"To ODOT From Home",Tuesday,18:20,1539
"From ODOT To Home",Tuesday,18:20,1432
"To ODOT From Home",Tuesday,18:40,1554
"From ODOT To Home",Tuesday,18:40,1447
"To ODOT From Home",Tuesday,19:0,1517
"From ODOT To Home",Tuesday,19:0,1447
"To ODOT From Home",Tuesday,19:20,1525
"From ODOT To Home",Tuesday,19:20,1493
"To ODOT From Home",Tuesday,19:40,1509
"From ODOT To Home",Tuesday,19:40,1475
"To ODOT From Home",Tuesday,20:0,1509
"From ODOT To Home",Tuesday,20:0,1452
"To ODOT From Home",Tuesday,20:20,1500
"From ODOT To Home",Tuesday,20:20,1482
"To ODOT From Home",Tuesday,20:40,1502
"From ODOT To Home",Tuesday,20:40,1496
"To ODOT From Home",Tuesday,21:0,1526
"From ODOT To Home",Tuesday,21:0,1491
"To ODOT From Home",Tuesday,21:20,1531
"From ODOT To Home",Tuesday,21:20,1516
"To ODOT From Home",Tuesday,21:40,1522
"From ODOT To Home",Tuesday,21:40,1579
"To ODOT From Home",Tuesday,22:0,1534
"From ODOT To Home",Tuesday,22:0,1643
"To ODOT From Home",Tuesday,22:20,1556
"From ODOT To Home",Tuesday,22:20,1743
"To ODOT From Home",Tuesday,22:40,1531
"From ODOT To Home",Tuesday,22:40,1907
"To ODOT From Home",Tuesday,23:0,1555
"From ODOT To Home",Tuesday,23:0,1999
"To ODOT From Home",Tuesday,23:20,1588
"From ODOT To Home",Tuesday,23:20,2187
"To ODOT From Home",Tuesday,23:40,1597
"From ODOT To Home",Tuesday,23:40,2018
"To ODOT From Home",Wednesday,0:0,1669
"From ODOT To Home",Wednesday,0:0,2093
"To ODOT From Home",Wednesday,0:20,1598
"From ODOT To Home",Wednesday,0:20,2093
"To ODOT From Home",Wednesday,0:40,1492
"From ODOT To Home",Wednesday,0:40,2107
"To ODOT From Home",Wednesday,1:0,1427
"From ODOT To Home",Wednesday,1:0,1707
"To ODOT From Home",Wednesday,1:20,1397
"From ODOT To Home",Wednesday,1:20,1569
"To ODOT From Home",Wednesday,1:40,1393
"From ODOT To Home",Wednesday,1:40,1399
"To ODOT From Home",Wednesday,2:0,1367
"From ODOT To Home",Wednesday,2:0,1323
"To ODOT From Home",Wednesday,2:20,1381
"From ODOT To Home",Wednesday,2:20,1348
"To ODOT From Home",Wednesday,2:40,1411
"From ODOT To Home",Wednesday,2:40,1312
"To ODOT From Home",Wednesday,3:0,1399
"From ODOT To Home",Wednesday,3:0,1323
"To ODOT From Home",Wednesday,3:20,1404
"From ODOT To Home",Wednesday,3:20,1294
"To ODOT From Home",Wednesday,3:40,1425
"From ODOT To Home",Wednesday,3:40,1287
"To ODOT From Home",Wednesday,4:0,1421
"From ODOT To Home",Wednesday,4:0,1295
"To ODOT From Home",Wednesday,4:20,1387
"From ODOT To Home",Wednesday,4:20,1306
"To ODOT From Home",Wednesday,4:40,1317
"From ODOT To Home",Wednesday,4:40,1279
"To ODOT From Home",Wednesday,5:0,1308
"From ODOT To Home",Wednesday,5:0,1281
"To ODOT From Home",Wednesday,5:20,1302
"From ODOT To Home",Wednesday,5:20,1263
"To ODOT From Home",Wednesday,5:40,1336
"From ODOT To Home",Wednesday,5:40,1272
"To ODOT From Home",Wednesday,6:0,1320
"From ODOT To Home",Wednesday,6:0,1256
"To ODOT From Home",Wednesday,6:20,1330
"From ODOT To Home",Wednesday,6:20,1272
"To ODOT From Home",Wednesday,6:40,1341
"From ODOT To Home",Wednesday,6:40,1255
"To ODOT From Home",Wednesday,7:0,1328
"From ODOT To Home",Wednesday,7:0,1265
"To ODOT From Home",Wednesday,7:20,1311
"From ODOT To Home",Wednesday,7:20,1235
"To ODOT From Home",Wednesday,7:40,1299
"From ODOT To Home",Wednesday,7:40,1252
"To ODOT From Home",Wednesday,8:0,1313
"From ODOT To Home",Wednesday,8:0,1241
"To ODOT From Home",Wednesday,8:20,1299
"From ODOT To Home",Wednesday,8:20,1228
"To ODOT From Home",Wednesday,8:40,1313
"From ODOT To Home",Wednesday,8:40,1231
"To ODOT From Home",Wednesday,9:0,1304
"From ODOT To Home",Wednesday,9:0,1229
"To ODOT From Home",Wednesday,9:20,1300
"From ODOT To Home",Wednesday,9:20,1246
"To ODOT From Home",Wednesday,9:40,1315
"From ODOT To Home",Wednesday,9:40,1277
"To ODOT From Home",Wednesday,10:0,1304
"From ODOT To Home",Wednesday,10:0,1262
"To ODOT From Home",Wednesday,10:20,1302
"From ODOT To Home",Wednesday,10:20,1239
"To ODOT From Home",Wednesday,10:40,1299
"From ODOT To Home",Wednesday,10:40,1225
"To ODOT From Home",Wednesday,11:0,1331
"From ODOT To Home",Wednesday,11:0,1246
"To ODOT From Home",Wednesday,11:20,1324
"From ODOT To Home",Wednesday,11:20,1261
"To ODOT From Home",Wednesday,11:40,1326
"From ODOT To Home",Wednesday,11:40,1318
"To ODOT From Home",Wednesday,12:0,1350
"From ODOT To Home",Wednesday,12:0,1323
"To ODOT From Home",Wednesday,12:20,1348
"From ODOT To Home",Wednesday,12:20,1321
"To ODOT From Home",Wednesday,12:40,1376
"From ODOT To Home",Wednesday,12:40,1328
"To ODOT From Home",Wednesday,13:0,1411
"From ODOT To Home",Wednesday,13:0,1339
"To ODOT From Home",Wednesday,13:20,1565
"From ODOT To Home",Wednesday,13:20,1379
"To ODOT From Home",Wednesday,13:40,1699
"From ODOT To Home",Wednesday,13:40,1406
"To ODOT From Home",Wednesday,14:0,1795
"From ODOT To Home",Wednesday,14:0,1414
"To ODOT From Home",Wednesday,14:20,1896
"From ODOT To Home",Wednesday,14:20,1435
"To ODOT From Home",Wednesday,14:40,2203
"From ODOT To Home",Wednesday,14:40,1467
"To ODOT From Home",Wednesday,15:0,2109
"From ODOT To Home",Wednesday,15:0,1471
"To ODOT From Home",Wednesday,15:20,2072
"From ODOT To Home",Wednesday,15:20,1470
"To ODOT From Home",Wednesday,15:40,1835
"From ODOT To Home",Wednesday,15:40,1476
"To ODOT From Home",Wednesday,16:0,1614
"From ODOT To Home",Wednesday,16:0,1486
"To ODOT From Home",Wednesday,16:20,1524
"From ODOT To Home",Wednesday,16:20,1427
"To ODOT From Home",Wednesday,16:40,1513
"From ODOT To Home",Wednesday,16:40,1411
"To ODOT From Home",Wednesday,17:0,1511
"From ODOT To Home",Wednesday,17:0,1446
"To ODOT From Home",Wednesday,17:20,1487
"From ODOT To Home",Wednesday,17:20,1434
"To ODOT From Home",Wednesday,17:40,1476
"From ODOT To Home",Wednesday,17:40,1400
"To ODOT From Home",Wednesday,18:0,1507
"From ODOT To Home",Wednesday,18:0,1386
"To ODOT From Home",Wednesday,18:20,1530
"From ODOT To Home",Wednesday,18:20,1410
"To ODOT From Home",Wednesday,18:40,1528
"From ODOT To Home",Wednesday,18:40,1424
"To ODOT From Home",Wednesday,19:0,1528
"From ODOT To Home",Wednesday,19:0,1433
"To ODOT From Home",Wednesday,19:20,1528
"From ODOT To Home",Wednesday,19:20,1431
"To ODOT From Home",Wednesday,19:40,1512
"From ODOT To Home",Wednesday,19:40,1436
"To ODOT From Home",Wednesday,20:0,1478
"From ODOT To Home",Wednesday,20:0,1426
"To ODOT From Home",Wednesday,20:20,1461
"From ODOT To Home",Wednesday,20:20,1435
"To ODOT From Home",Wednesday,20:40,1505
"From ODOT To Home",Wednesday,20:40,1487
"To ODOT From Home",Wednesday,21:0,1494
"From ODOT To Home",Wednesday,21:0,1457
"To ODOT From Home",Wednesday,21:20,1503
"From ODOT To Home",Wednesday,21:20,1484
"To ODOT From Home",Wednesday,21:40,1493
"From ODOT To Home",Wednesday,21:40,1634
"To ODOT From Home",Wednesday,22:0,1509
"From ODOT To Home",Wednesday,22:0,1560
"To ODOT From Home",Wednesday,22:20,1524
"From ODOT To Home",Wednesday,22:20,1646
"To ODOT From Home",Wednesday,22:40,1557
"From ODOT To Home",Wednesday,22:40,1803
"To ODOT From Home",Wednesday,23:0,1590
"From ODOT To Home",Wednesday,23:0,1878
"To ODOT From Home",Wednesday,23:20,1569
"From ODOT To Home",Wednesday,23:20,2052
"To ODOT From Home",Wednesday,23:40,1612
"From ODOT To Home",Wednesday,23:40,2071
"To ODOT From Home",Thursday,0:0,1630
"From ODOT To Home",Thursday,0:0,2040
"To ODOT From Home",Thursday,0:20,1644
"From ODOT To Home",Thursday,0:20,1942
"To ODOT From Home",Thursday,0:40,1547
"From ODOT To Home",Thursday,0:40,1959
"To ODOT From Home",Thursday,1:0,1453
"From ODOT To Home",Thursday,1:0,1720
"To ODOT From Home",Thursday,1:20,1481
"From ODOT To Home",Thursday,1:20,1483
"To ODOT From Home",Thursday,1:40,1438
"From ODOT To Home",Thursday,1:40,1442
"To ODOT From Home",Thursday,2:0,1399
"From ODOT To Home",Thursday,2:0,1362
"To ODOT From Home",Thursday,2:20,1406
"From ODOT To Home",Thursday,2:20,1340
"To ODOT From Home",Thursday,2:40,1397
"From ODOT To Home",Thursday,2:40,1339
"To ODOT From Home",Thursday,3:0,1378
"From ODOT To Home",Thursday,3:0,1332
"To ODOT From Home",Thursday,3:20,1416
"From ODOT To Home",Thursday,3:20,1313
"To ODOT From Home",Thursday,3:40,1405
"From ODOT To Home",Thursday,3:40,1306
"To ODOT From Home",Thursday,4:0,1391
"From ODOT To Home",Thursday,4:0,1290
"To ODOT From Home",Thursday,4:20,1354
"From ODOT To Home",Thursday,4:20,1302
"To ODOT From Home",Thursday,4:40,1319
"From ODOT To Home",Thursday,4:40,1336
"To ODOT From Home",Thursday,5:0,1310
"From ODOT To Home",Thursday,5:0,1331
"To ODOT From Home",Thursday,5:20,1311
"From ODOT To Home",Thursday,5:20,1272
"To ODOT From Home",Thursday,5:40,1320
"From ODOT To Home",Thursday,5:40,1258
"To ODOT From Home",Thursday,6:0,1335
"From ODOT To Home",Thursday,6:0,1262
"To ODOT From Home",Thursday,6:20,1333
"From ODOT To Home",Thursday,6:20,1252
"To ODOT From Home",Thursday,6:40,1308
"From ODOT To Home",Thursday,6:40,1256
"To ODOT From Home",Thursday,7:0,1298
"From ODOT To Home",Thursday,7:0,1299
"To ODOT From Home",Thursday,7:20,1291
"From ODOT To Home",Thursday,7:20,1278
"To ODOT From Home",Thursday,7:40,1293
"From ODOT To Home",Thursday,7:40,1270
"To ODOT From Home",Thursday,8:0,1305
"From ODOT To Home",Thursday,8:0,1270
"To ODOT From Home",Thursday,8:20,1298
"From ODOT To Home",Thursday,8:20,1241
"To ODOT From Home",Thursday,8:40,1293
"From ODOT To Home",Thursday,8:40,1227
"To ODOT From Home",Thursday,9:0,1284
"From ODOT To Home",Thursday,9:0,1233
"To ODOT From Home",Thursday,9:20,1285
"From ODOT To Home",Thursday,9:20,1233
"To ODOT From Home",Thursday,9:40,1285
"From ODOT To Home",Thursday,9:40,1254
"To ODOT From Home",Thursday,10:0,1285
"From ODOT To Home",Thursday,10:0,1263
"To ODOT From Home",Thursday,10:20,1286
"From ODOT To Home",Thursday,10:20,1260
"To ODOT From Home",Thursday,10:40,1312
"From ODOT To Home",Thursday,10:40,1251
"To ODOT From Home",Thursday,11:0,1319
"From ODOT To Home",Thursday,11:0,1260
"To ODOT From Home",Thursday,11:20,1304
"From ODOT To Home",Thursday,11:20,1263
"To ODOT From Home",Thursday,11:40,1305
"From ODOT To Home",Thursday,11:40,1279
"To ODOT From Home",Thursday,12:0,1317
"From ODOT To Home",Thursday,12:0,1345
"To ODOT From Home",Thursday,12:20,1357
"From ODOT To Home",Thursday,12:20,1348
"To ODOT From Home",Thursday,12:40,1375
"From ODOT To Home",Thursday,12:40,1350
"To ODOT From Home",Thursday,13:0,1390
"From ODOT To Home",Thursday,13:0,1336
"To ODOT From Home",Thursday,13:20,1554
"From ODOT To Home",Thursday,13:20,1346
"To ODOT From Home",Thursday,13:40,1749
"From ODOT To Home",Thursday,13:40,1416
"To ODOT From Home",Thursday,14:0,1874
"From ODOT To Home",Thursday,14:0,1409
"To ODOT From Home",Thursday,14:20,2018
"From ODOT To Home",Thursday,14:20,1406
"To ODOT From Home",Thursday,14:40,2128
"From ODOT To Home",Thursday,14:40,1426
"To ODOT From Home",Thursday,15:0,2120
"From ODOT To Home",Thursday,15:0,1447
"To ODOT From Home",Thursday,15:20,2081
"From ODOT To Home",Thursday,15:20,1563
"To ODOT From Home",Thursday,15:40,1948
"From ODOT To Home",Thursday,15:40,1502
"To ODOT From Home",Thursday,16:0,1772
"From ODOT To Home",Thursday,16:0,1418
"To ODOT From Home",Thursday,16:20,1634
"From ODOT To Home",Thursday,16:20,1434
"To ODOT From Home",Thursday,16:40,1567
"From ODOT To Home",Thursday,16:40,1399
"To ODOT From Home",Thursday,17:0,1489
"From ODOT To Home",Thursday,17:0,1413
"To ODOT From Home",Thursday,17:20,1474
"From ODOT To Home",Thursday,17:20,1393
"To ODOT From Home",Thursday,17:40,1487
"From ODOT To Home",Thursday,17:40,1378
"To ODOT From Home",Thursday,18:0,1458
"From ODOT To Home",Thursday,18:0,1395
"To ODOT From Home",Thursday,18:20,1479
"From ODOT To Home",Thursday,18:20,1414
"To ODOT From Home",Thursday,18:40,1476
"From ODOT To Home",Thursday,18:40,1413
"To ODOT From Home",Thursday,19:0,1490
"From ODOT To Home",Thursday,19:0,1411
"To ODOT From Home",Thursday,19:20,1481
"From ODOT To Home",Thursday,19:20,1535
"To ODOT From Home",Thursday,19:40,1501
"From ODOT To Home",Thursday,19:40,1436
"To ODOT From Home",Thursday,20:0,1552
"From ODOT To Home",Thursday,20:0,1474
"To ODOT From Home",Thursday,20:20,1571
"From ODOT To Home",Thursday,20:20,1467
"To ODOT From Home",Thursday,20:40,1497
"From ODOT To Home",Thursday,20:40,1450
"To ODOT From Home",Thursday,21:0,1513
"From ODOT To Home",Thursday,21:0,1495
"To ODOT From Home",Thursday,21:20,1524
"From ODOT To Home",Thursday,21:20,1518
"To ODOT From Home",Thursday,21:40,1505
"From ODOT To Home",Thursday,21:40,1538
"To ODOT From Home",Thursday,22:0,1486
"From ODOT To Home",Thursday,22:0,1574
"To ODOT From Home",Thursday,22:20,1514
"From ODOT To Home",Thursday,22:20,1717
"To ODOT From Home",Thursday,22:40,1556
"From ODOT To Home",Thursday,22:40,1912
"To ODOT From Home",Thursday,23:0,1566
"From ODOT To Home",Thursday,23:0,1955
"To ODOT From Home",Thursday,23:20,1622
"From ODOT To Home",Thursday,23:20,2074
"To ODOT From Home",Thursday,23:40,1577
"From ODOT To Home",Thursday,23:40,2150
"To ODOT From Home",Friday,0:0,1674
"From ODOT To Home",Friday,0:0,1967
"To ODOT From Home",Friday,0:20,1647
"From ODOT To Home",Friday,0:20,2122
"To ODOT From Home",Friday,0:40,1587
"From ODOT To Home",Friday,0:40,1954
"To ODOT From Home",Friday,1:0,1507
"From ODOT To Home",Friday,1:0,1660
"To ODOT From Home",Friday,1:20,1461
"From ODOT To Home",Friday,1:20,1474
"To ODOT From Home",Friday,1:40,1419
"From ODOT To Home",Friday,1:40,1381
"To ODOT From Home",Friday,2:0,1423
"From ODOT To Home",Friday,2:0,1382
"To ODOT From Home",Friday,2:20,1401
"From ODOT To Home",Friday,2:20,1356
"To ODOT From Home",Friday,2:40,1384
"From ODOT To Home",Friday,2:40,1364
"To ODOT From Home",Friday,3:0,1409
"From ODOT To Home",Friday,3:0,1323
"To ODOT From Home",Friday,3:20,1395
"From ODOT To Home",Friday,3:20,1316
"To ODOT From Home",Friday,3:40,1421
"From ODOT To Home",Friday,3:40,1318
"To ODOT From Home",Friday,4:0,1410
"From ODOT To Home",Friday,4:0,1319
"To ODOT From Home",Friday,4:20,1407
"From ODOT To Home",Friday,4:20,1347
"To ODOT From Home",Friday,4:40,1399
"From ODOT To Home",Friday,4:40,1340
"To ODOT From Home",Friday,5:0,1381
"From ODOT To Home",Friday,5:0,1316
"To ODOT From Home",Friday,5:20,1333
"From ODOT To Home",Friday,5:20,1323
"To ODOT From Home",Friday,5:40,1338
"From ODOT To Home",Friday,5:40,1327
"To ODOT From Home",Friday,6:0,1327
"From ODOT To Home",Friday,6:0,1292
"To ODOT From Home",Friday,6:20,1332
"From ODOT To Home",Friday,6:20,1278
"To ODOT From Home",Friday,6:40,1301
"From ODOT To Home",Friday,6:40,1268
"To ODOT From Home",Friday,7:0,1290
"From ODOT To Home",Friday,7:0,1259
"To ODOT From Home",Friday,7:20,1317
"From ODOT To Home",Friday,7:20,1259
"To ODOT From Home",Friday,7:40,1297
"From ODOT To Home",Friday,7:40,1251
"To ODOT From Home",Friday,8:0,1292
"From ODOT To Home",Friday,8:0,1248
"To ODOT From Home",Friday,8:20,1302
"From ODOT To Home",Friday,8:20,1270
"To ODOT From Home",Friday,8:40,1301
"From ODOT To Home",Friday,8:40,1285
"To ODOT From Home",Friday,9:0,1335
"From ODOT To Home",Friday,9:0,1272
"To ODOT From Home",Friday,9:20,1333
"From ODOT To Home",Friday,9:20,1246
"To ODOT From Home",Friday,9:40,1315
"From ODOT To Home",Friday,9:40,1238
"To ODOT From Home",Friday,10:0,1305
"From ODOT To Home",Friday,10:0,1251
"To ODOT From Home",Friday,10:20,1297
"From ODOT To Home",Friday,10:20,1240
"To ODOT From Home",Friday,10:40,1293
"From ODOT To Home",Friday,10:40,1250
"To ODOT From Home",Friday,11:0,1301
"From ODOT To Home",Friday,11:0,1258
"To ODOT From Home",Friday,11:20,1293
"From ODOT To Home",Friday,11:20,1266
"To ODOT From Home",Friday,11:40,1302
"From ODOT To Home",Friday,11:40,1267
"To ODOT From Home",Friday,12:0,1314
"From ODOT To Home",Friday,12:0,1291
"To ODOT From Home",Friday,12:20,1314
"From ODOT To Home",Friday,12:20,1312
"To ODOT From Home",Friday,12:40,1361
"From ODOT To Home",Friday,12:40,1330
"To ODOT From Home",Friday,13:0,1439
"From ODOT To Home",Friday,13:0,1338
"To ODOT From Home",Friday,13:20,1498
"From ODOT To Home",Friday,13:20,1394
"To ODOT From Home",Friday,13:40,1527
"From ODOT To Home",Friday,13:40,1342
"To ODOT From Home",Friday,14:0,1559
"From ODOT To Home",Friday,14:0,1394
"To ODOT From Home",Friday,14:20,1616
"From ODOT To Home",Friday,14:20,1421
"To ODOT From Home",Friday,14:40,1754
"From ODOT To Home",Friday,14:40,1482
"To ODOT From Home",Friday,15:0,1718
"From ODOT To Home",Friday,15:0,1468
"To ODOT From Home",Friday,15:20,1596
"From ODOT To Home",Friday,15:20,1432
"To ODOT From Home",Friday,15:40,1568
"From ODOT To Home",Friday,15:40,1412
"To ODOT From Home",Friday,16:0,1551
"From ODOT To Home",Friday,16:0,1437
"To ODOT From Home",Friday,16:20,1544
"From ODOT To Home",Friday,16:20,1437
"To ODOT From Home",Friday,16:40,1509
"From ODOT To Home",Friday,16:40,1403
"To ODOT From Home",Friday,17:0,1498
"From ODOT To Home",Friday,17:0,1388
"To ODOT From Home",Friday,17:20,1484
"From ODOT To Home",Friday,17:20,1385
"To ODOT From Home",Friday,17:40,1494
"From ODOT To Home",Friday,17:40,1393
"To ODOT From Home",Friday,18:0,1516
"From ODOT To Home",Friday,18:0,1440
"To ODOT From Home",Friday,18:20,1484
"From ODOT To Home",Friday,18:20,1424
"To ODOT From Home",Friday,18:40,1503
"From ODOT To Home",Friday,18:40,1444
"To ODOT From Home",Friday,19:0,1512
"From ODOT To Home",Friday,19:0,1496
"To ODOT From Home",Friday,19:20,1517
"From ODOT To Home",Friday,19:20,1509
"To ODOT From Home",Friday,19:40,1521
"From ODOT To Home",Friday,19:40,1447
"To ODOT From Home",Friday,20:0,1516
"From ODOT To Home",Friday,20:0,1466
"From ODOT To Home",Friday,20:20,1481
"To ODOT From Home",Friday,20:20,1514
"From ODOT To Home",Friday,20:40,1499
"To ODOT From Home",Friday,20:40,1519
"To ODOT From Home",Friday,21:0,1508
"From ODOT To Home",Friday,21:0,1511
"To ODOT From Home",Friday,21:20,1589
"From ODOT To Home",Friday,21:20,1544
"From ODOT To Home",Friday,21:40,1652
"To ODOT From Home",Friday,21:40,1504
"To ODOT From Home",Friday,22:0,1547
"From ODOT To Home",Friday,22:0,1613
"To ODOT From Home",Friday,22:20,1556
"From ODOT To Home",Friday,22:20,1814
"From ODOT To Home",Friday,22:40,1920
"To ODOT From Home",Friday,22:40,1572
"To ODOT From Home",Friday,23:0,1594
"From ODOT To Home",Friday,23:0,2055
"To ODOT From Home",Friday,23:20,1649
"From ODOT To Home",Friday,23:20,2005
"From ODOT To Home",Friday,23:40,1862
"To ODOT From Home",Friday,23:40,1690
"To ODOT From Home",Saturday,0:0,1600
"From ODOT To Home",Saturday,0:0,1808
"From ODOT To Home",Saturday,0:20,1780
"To ODOT From Home",Saturday,0:20,1626
"To ODOT From Home",Saturday,0:40,1582
"From ODOT To Home",Saturday,0:40,1888
"From ODOT To Home",Saturday,1:0,1688
"To ODOT From Home",Saturday,1:0,1541
"From ODOT To Home",Saturday,1:20,1568
"To ODOT From Home",Saturday,1:20,1488
"From ODOT To Home",Saturday,1:40,1401
"To ODOT From Home",Saturday,1:40,1425
"From ODOT To Home",Saturday,2:0,1364
"To ODOT From Home",Saturday,2:0,1402
"To ODOT From Home",Saturday,2:20,1405
"From ODOT To Home",Saturday,2:20,1379
"To ODOT From Home",Saturday,2:40,1382
"From ODOT To Home",Saturday,2:40,1364
"To ODOT From Home",Saturday,3:0,1418
"From ODOT To Home",Saturday,3:0,1310
"To ODOT From Home",Saturday,3:20,1400
"From ODOT To Home",Saturday,3:20,1325
"To ODOT From Home",Saturday,3:40,1388
"From ODOT To Home",Saturday,3:40,1318
"To ODOT From Home",Saturday,4:0,1377
"From ODOT To Home",Saturday,4:0,1328
"To ODOT From Home",Saturday,4:20,1393
"From ODOT To Home",Saturday,4:20,1362
"To ODOT From Home",Saturday,4:40,1396
"From ODOT To Home",Saturday,4:40,1330
"To ODOT From Home",Saturday,5:0,1389
"From ODOT To Home",Saturday,5:0,1321
"To ODOT From Home",Saturday,5:20,1373
"From ODOT To Home",Saturday,5:20,1316
"To ODOT From Home",Saturday,5:40,1332
"From ODOT To Home",Saturday,5:40,1301
"To ODOT From Home",Saturday,6:0,1339
"From ODOT To Home",Saturday,6:0,1313
"To ODOT From Home",Saturday,6:20,1340
"From ODOT To Home",Saturday,6:20,1296
"To ODOT From Home",Saturday,6:40,1341
"From ODOT To Home",Saturday,6:40,1289
"To ODOT From Home",Saturday,7:0,1302
"From ODOT To Home",Saturday,7:0,1270
"To ODOT From Home",Saturday,7:20,1328
"From ODOT To Home",Saturday,7:20,1262
"To ODOT From Home",Saturday,7:40,1390
"From ODOT To Home",Saturday,7:40,1253
"To ODOT From Home",Saturday,8:0,1367
"From ODOT To Home",Saturday,8:0,1227
"To ODOT From Home",Saturday,8:20,1308
"From ODOT To Home",Saturday,8:20,1235
"To ODOT From Home",Saturday,8:40,1301
"From ODOT To Home",Saturday,8:40,1235
"To ODOT From Home",Saturday,9:0,1289
"From ODOT To Home",Saturday,9:0,1239
"To ODOT From Home",Saturday,9:20,1250
"From ODOT To Home",Saturday,9:20,1232
"To ODOT From Home",Saturday,9:40,1253
"From ODOT To Home",Saturday,9:40,1226
"To ODOT From Home",Saturday,10:0,1256
"From ODOT To Home",Saturday,10:0,1233
"To ODOT From Home",Saturday,10:20,1274
"From ODOT To Home",Saturday,10:20,1266
"To ODOT From Home",Saturday,10:40,1268
"From ODOT To Home",Saturday,10:40,1272
"To ODOT From Home",Saturday,11:0,1285
"From ODOT To Home",Saturday,11:0,1254
"To ODOT From Home",Saturday,11:20,1289
"From ODOT To Home",Saturday,11:20,1253
"To ODOT From Home",Saturday,11:40,1266
"From ODOT To Home",Saturday,11:40,1244
"To ODOT From Home",Saturday,12:0,1258
"From ODOT To Home",Saturday,12:0,1243
"To ODOT From Home",Saturday,12:20,1284
"From ODOT To Home",Saturday,12:20,1243
"To ODOT From Home",Saturday,12:40,1283
"From ODOT To Home",Saturday,12:40,1264
"To ODOT From Home",Saturday,13:0,1279
"From ODOT To Home",Saturday,13:0,1257
"To ODOT From Home",Saturday,13:20,1276
"From ODOT To Home",Saturday,13:20,1225
"To ODOT From Home",Saturday,13:40,1267
"From ODOT To Home",Saturday,13:40,1232
"To ODOT From Home",Saturday,14:0,1270
"From ODOT To Home",Saturday,14:0,1276
"To ODOT From Home",Saturday,14:20,1327
"From ODOT To Home",Saturday,14:20,1264
"To ODOT From Home",Saturday,14:40,1306
"From ODOT To Home",Saturday,14:40,1286
"To ODOT From Home",Saturday,15:0,1343
"From ODOT To Home",Saturday,15:0,1285
"To ODOT From Home",Saturday,15:20,1320
"From ODOT To Home",Saturday,15:20,1327
"To ODOT From Home",Saturday,15:40,1350
"From ODOT To Home",Saturday,15:40,1362
"To ODOT From Home",Saturday,16:0,1359
"From ODOT To Home",Saturday,16:0,1330
"To ODOT From Home",Saturday,16:20,1366
"From ODOT To Home",Saturday,16:20,1307
"To ODOT From Home",Saturday,16:40,1381
"From ODOT To Home",Saturday,16:40,1340
"To ODOT From Home",Saturday,17:0,1382
"From ODOT To Home",Saturday,17:0,1365
"To ODOT From Home",Saturday,17:20,1434
"From ODOT To Home",Saturday,17:20,1355
"To ODOT From Home",Saturday,17:40,1436
"From ODOT To Home",Saturday,17:40,1325
"To ODOT From Home",Saturday,18:0,1449
"From ODOT To Home",Saturday,18:0,1345
"To ODOT From Home",Saturday,18:20,1437
"From ODOT To Home",Saturday,18:20,1392
"To ODOT From Home",Saturday,18:40,1435
"From ODOT To Home",Saturday,18:40,1432
"To ODOT From Home",Saturday,19:0,1409
"From ODOT To Home",Saturday,19:0,1393
"To ODOT From Home",Saturday,19:20,1458
"From ODOT To Home",Saturday,19:20,1377
"To ODOT From Home",Saturday,19:40,1437
"From ODOT To Home",Saturday,19:40,1406
"To ODOT From Home",Saturday,20:0,1477
"From ODOT To Home",Saturday,20:0,1426
"To ODOT From Home",Saturday,20:20,1458
"From ODOT To Home",Saturday,20:20,1423
"To ODOT From Home",Saturday,20:40,1448
"From ODOT To Home",Saturday,20:40,1375
"To ODOT From Home",Saturday,21:0,1456
"From ODOT To Home",Saturday,21:0,1463
"To ODOT From Home",Saturday,21:20,1484
"From ODOT To Home",Saturday,21:20,1423
"To ODOT From Home",Saturday,21:40,1466
"From ODOT To Home",Saturday,21:40,1468
"To ODOT From Home",Saturday,22:0,1441
"From ODOT To Home",Saturday,22:0,1488
"To ODOT From Home",Saturday,22:20,1451
"From ODOT To Home",Saturday,22:20,1448
"To ODOT From Home",Saturday,22:40,1462
"From ODOT To Home",Saturday,22:40,1519
"To ODOT From Home",Saturday,23:0,1459
"From ODOT To Home",Saturday,23:0,1413
"To ODOT From Home",Saturday,23:20,1461
"From ODOT To Home",Saturday,23:20,1385
"To ODOT From Home",Saturday,23:40,1480
"From ODOT To Home",Saturday,23:40,1433
"To ODOT From Home",Sunday,0:0,1467
"From ODOT To Home",Sunday,0:0,1385
"To ODOT From Home",Sunday,0:20,1453
"From ODOT To Home",Sunday,0:20,1425
"To ODOT From Home",Sunday,0:40,1460
"From ODOT To Home",Sunday,0:40,1363
"To ODOT From Home",Sunday,1:0,1417
"From ODOT To Home",Sunday,1:0,1327
"To ODOT From Home",Sunday,1:20,1404
"From ODOT To Home",Sunday,1:20,1324
"To ODOT From Home",Sunday,1:40,1403
"From ODOT To Home",Sunday,1:40,1362
"To ODOT From Home",Sunday,2:0,1432
"From ODOT To Home",Sunday,2:0,1357
"To ODOT From Home",Sunday,2:20,1416
"From ODOT To Home",Sunday,2:20,1351
"To ODOT From Home",Sunday,2:40,1407
"From ODOT To Home",Sunday,2:40,1341
"To ODOT From Home",Sunday,3:0,1404
"From ODOT To Home",Sunday,3:0,1360
"To ODOT From Home",Sunday,3:20,1389
"From ODOT To Home",Sunday,3:20,1339
"To ODOT From Home",Sunday,3:40,1361
"From ODOT To Home",Sunday,3:40,1337
"To ODOT From Home",Sunday,4:0,1348
"From ODOT To Home",Sunday,4:0,1327
"To ODOT From Home",Sunday,4:20,1358
"From ODOT To Home",Sunday,4:20,1313
"To ODOT From Home",Sunday,4:40,1338
"From ODOT To Home",Sunday,4:40,1309
"To ODOT From Home",Sunday,5:0,1332
"From ODOT To Home",Sunday,5:0,1285
"To ODOT From Home",Sunday,5:20,1322
"From ODOT To Home",Sunday,5:20,1305
"To ODOT From Home",Sunday,5:40,1317
"From ODOT To Home",Sunday,5:40,1274
"To ODOT From Home",Sunday,6:0,1313
"From ODOT To Home",Sunday,6:0,1277
"To ODOT From Home",Sunday,6:20,1273
"From ODOT To Home",Sunday,6:20,1266
"To ODOT From Home",Sunday,6:40,1294
"From ODOT To Home",Sunday,6:40,1243
"To ODOT From Home",Sunday,7:0,1285
"From ODOT To Home",Sunday,7:0,1267
"To ODOT From Home",Sunday,7:20,1282
"From ODOT To Home",Sunday,7:20,1248
"To ODOT From Home",Sunday,7:40,1272
"From ODOT To Home",Sunday,7:40,1257
"To ODOT From Home",Sunday,8:0,1260
"From ODOT To Home",Sunday,8:0,1236
"To ODOT From Home",Sunday,8:20,1293
"From ODOT To Home",Sunday,8:20,1229
"To ODOT From Home",Sunday,8:40,1289
"From ODOT To Home",Sunday,8:40,1230
"To ODOT From Home",Sunday,9:0,1311
"From ODOT To Home",Sunday,9:0,1277
"To ODOT From Home",Sunday,9:20,1304
"From ODOT To Home",Sunday,9:20,1263
"To ODOT From Home",Sunday,9:40,1306
"From ODOT To Home",Sunday,9:40,1224
"To ODOT From Home",Sunday,10:0,1297
"From ODOT To Home",Sunday,10:0,1235
"To ODOT From Home",Sunday,10:20,1273
"From ODOT To Home",Sunday,10:20,1239
"To ODOT From Home",Sunday,10:40,1256
"From ODOT To Home",Sunday,10:40,1228
"To ODOT From Home",Sunday,11:0,1264
"From ODOT To Home",Sunday,11:0,1253
"To ODOT From Home",Sunday,11:20,1274
"From ODOT To Home",Sunday,11:20,1254
"To ODOT From Home",Sunday,11:40,1265
"From ODOT To Home",Sunday,11:40,1236
"To ODOT From Home",Sunday,12:0,1256
"From ODOT To Home",Sunday,12:0,1240
"To ODOT From Home",Sunday,12:20,1289
"From ODOT To Home",Sunday,12:20,1233
"To ODOT From Home",Sunday,12:40,1299
"From ODOT To Home",Sunday,12:40,1245
"To ODOT From Home",Sunday,13:0,1291
"From ODOT To Home",Sunday,13:0,1238
"To ODOT From Home",Sunday,13:20,1310
"From ODOT To Home",Sunday,13:20,1237
"To ODOT From Home",Sunday,13:40,1312
"From ODOT To Home",Sunday,13:40,1248
"To ODOT From Home",Sunday,14:0,1268
"From ODOT To Home",Sunday,14:0,1216
"To ODOT From Home",Sunday,14:20,1269
"From ODOT To Home",Sunday,14:20,1231
"To ODOT From Home",Sunday,14:40,1268
"From ODOT To Home",Sunday,14:40,1226
"To ODOT From Home",Sunday,15:0,1274
"From ODOT To Home",Sunday,15:0,1259
"To ODOT From Home",Sunday,15:20,1301
"From ODOT To Home",Sunday,15:20,1305
"To ODOT From Home",Sunday,15:40,1320
"From ODOT To Home",Sunday,15:40,1286
"To ODOT From Home",Sunday,16:0,1355
"From ODOT To Home",Sunday,16:0,1304
"To ODOT From Home",Sunday,16:20,1352
"From ODOT To Home",Sunday,16:20,1311
"To ODOT From Home",Sunday,16:40,1376
"From ODOT To Home",Sunday,16:40,1305
"To ODOT From Home",Sunday,17:0,1385
"From ODOT To Home",Sunday,17:0,1323
"To ODOT From Home",Sunday,17:20,1400
"From ODOT To Home",Sunday,17:20,1313
"To ODOT From Home",Sunday,17:40,1379
"From ODOT To Home",Sunday,17:40,1326
"To ODOT From Home",Sunday,18:0,1388
"From ODOT To Home",Sunday,18:0,1326
"To ODOT From Home",Sunday,18:20,1389
"From ODOT To Home",Sunday,18:20,1378
"To ODOT From Home",Sunday,18:40,1374
"From ODOT To Home",Sunday,18:40,1381
"To ODOT From Home",Sunday,19:0,1426
"From ODOT To Home",Sunday,19:0,1393
"To ODOT From Home",Sunday,19:20,1399
"From ODOT To Home",Sunday,19:20,1394
"To ODOT From Home",Sunday,19:40,1405
"From ODOT To Home",Sunday,19:40,1411
"To ODOT From Home",Sunday,20:0,1434
"From ODOT To Home",Sunday,20:0,1450
"To ODOT From Home",Sunday,20:20,1445
"From ODOT To Home",Sunday,20:20,1405
"To ODOT From Home",Sunday,20:40,1442
"From ODOT To Home",Sunday,20:40,1391
"To ODOT From Home",Sunday,21:0,1453
"From ODOT To Home",Sunday,21:0,1381
"To ODOT From Home",Sunday,21:20,1415
"From ODOT To Home",Sunday,21:20,1409
"To ODOT From Home",Sunday,21:40,1419
"From ODOT To Home",Sunday,21:40,1330
"To ODOT From Home",Sunday,22:0,1390
"From ODOT To Home",Sunday,22:0,1351
"To ODOT From Home",Sunday,22:20,1410
"From ODOT To Home",Sunday,22:20,1379
"To ODOT From Home",Sunday,22:40,1405
"From ODOT To Home",Sunday,22:40,1321
"To ODOT From Home",Sunday,23:0,1395
"From ODOT To Home",Sunday,23:0,1326
"To ODOT From Home",Sunday,23:20,1400
"From ODOT To Home",Sunday,23:20,1375
"To ODOT From Home",Sunday,23:40,1388
"From ODOT To Home",Sunday,23:40,1341
"To ODOT From Home",Monday,0:0,1392
"From ODOT To Home",Monday,0:0,1333
"To ODOT From Home",Monday,0:20,1409
"From ODOT To Home",Monday,0:20,1357
"To ODOT From Home",Monday,0:40,1404
"From ODOT To Home",Monday,0:40,1319
"To ODOT From Home",Monday,1:0,1405
"From ODOT To Home",Monday,1:0,1307
"To ODOT From Home",Monday,1:20,1388
"From ODOT To Home",Monday,1:20,1362
"To ODOT From Home",Monday,1:40,1431
"From ODOT To Home",Monday,1:40,1341
"To ODOT From Home",Monday,2:0,1421
"From ODOT To Home",Monday,2:0,1341
"To ODOT From Home",Monday,2:20,1408
"From ODOT To Home",Monday,2:20,1345
"To ODOT From Home",Monday,2:40,1416
"From ODOT To Home",Monday,2:40,1323
"To ODOT From Home",Monday,3:0,1379
"From ODOT To Home",Monday,3:0,1439
"To ODOT From Home",Monday,3:20,1337
"From ODOT To Home",Monday,3:20,1330
"To ODOT From Home",Monday,3:40,1363
"From ODOT To Home",Monday,3:40,1295
"To ODOT From Home",Monday,4:0,1348
"From ODOT To Home",Monday,4:0,1280
"To ODOT From Home",Monday,4:20,1341
"From ODOT To Home",Monday,4:20,1271
"To ODOT From Home",Monday,4:40,1312
"From ODOT To Home",Monday,4:40,1271
"To ODOT From Home",Monday,5:0,1309
"From ODOT To Home",Monday,5:0,1278
"To ODOT From Home",Monday,5:20,1308
"From ODOT To Home",Monday,5:20,1323
"To ODOT From Home",Monday,5:40,1321
"From ODOT To Home",Monday,5:40,1287
"To ODOT From Home",Monday,6:0,1292
"From ODOT To Home",Monday,6:0,1270
"To ODOT From Home",Monday,6:20,1294
"From ODOT To Home",Monday,6:20,1261
"To ODOT From Home",Monday,6:40,1296
"From ODOT To Home",Monday,6:40,1250
"To ODOT From Home",Monday,7:0,1292
"From ODOT To Home",Monday,7:0,1251
"To ODOT From Home",Monday,7:20,1289
"From ODOT To Home",Monday,7:20,1237
"To ODOT From Home",Monday,7:40,1289
"From ODOT To Home",Monday,7:40,1231
"To ODOT From Home",Monday,8:0,1309
"From ODOT To Home",Monday,8:0,1231
"To ODOT From Home",Monday,8:20,1301
"From ODOT To Home",Monday,8:20,1245
"To ODOT From Home",Monday,8:40,1293
"From ODOT To Home",Monday,8:40,1267
"To ODOT From Home",Monday,9:0,1283
"From ODOT To Home",Monday,9:0,1264
"To ODOT From Home",Monday,9:20,1287
"From ODOT To Home",Monday,9:20,1245
"To ODOT From Home",Monday,9:40,1319
"From ODOT To Home",Monday,9:40,1230
"To ODOT From Home",Monday,10:0,1301
"From ODOT To Home",Monday,10:0,1235
"To ODOT From Home",Monday,10:20,1291
"From ODOT To Home",Monday,10:20,1250
"To ODOT From Home",Monday,10:40,1312
"From ODOT To Home",Monday,10:40,1268
"To ODOT From Home",Monday,11:0,1326
"From ODOT To Home",Monday,11:0,1264
"To ODOT From Home",Monday,11:20,1340
"From ODOT To Home",Monday,11:20,1263
"To ODOT From Home",Monday,11:40,1319
"From ODOT To Home",Monday,11:40,1279
"To ODOT From Home",Monday,12:0,1332
"From ODOT To Home",Monday,12:0,1319
"To ODOT From Home",Monday,12:20,1350
"From ODOT To Home",Monday,12:20,1345
"To ODOT From Home",Monday,12:40,1383
"From ODOT To Home",Monday,12:40,1320
"To ODOT From Home",Monday,13:0,1441
"From ODOT To Home",Monday,13:0,1319
"To ODOT From Home",Monday,13:20,1538
"From ODOT To Home",Monday,13:20,1349
"To ODOT From Home",Monday,13:40,1648
"From ODOT To Home",Monday,13:40,1371
"To ODOT From Home",Monday,14:0,1820
"From ODOT To Home",Monday,14:0,1389
"To ODOT From Home",Monday,14:20,1928
"From ODOT To Home",Monday,14:20,1383
"To ODOT From Home",Monday,14:40,2084
"From ODOT To Home",Monday,14:40,1405
"To ODOT From Home",Monday,15:0,2245
"From ODOT To Home",Monday,15:0,1431
"To ODOT From Home",Monday,15:20,2092
"From ODOT To Home",Monday,15:20,1451
"To ODOT From Home",Monday,15:40,1897
"From ODOT To Home",Monday,15:40,1430
"To ODOT From Home",Monday,16:0,1577
"From ODOT To Home",Monday,16:0,1486
"To ODOT From Home",Monday,16:20,1487
"From ODOT To Home",Monday,16:20,1404
"To ODOT From Home",Monday,16:40,1460
"From ODOT To Home",Monday,16:40,1370
"To ODOT From Home",Monday,17:0,1461
"From ODOT To Home",Monday,17:0,1408
"To ODOT From Home",Monday,17:20,1487
"From ODOT To Home",Monday,17:20,1370
"To ODOT From Home",Monday,17:40,1473
"From ODOT To Home",Monday,17:40,1385
"To ODOT From Home",Monday,18:0,1457
"From ODOT To Home",Monday,18:0,1399
"To ODOT From Home",Monday,18:20,1479
"From ODOT To Home",Monday,18:20,1427
"To ODOT From Home",Monday,18:40,1500
"From ODOT To Home",Monday,18:40,1389
"To ODOT From Home",Monday,19:0,1452
"From ODOT To Home",Monday,19:0,1472
"To ODOT From Home",Monday,19:20,1477
"From ODOT To Home",Monday,19:20,1421
"To ODOT From Home",Monday,19:40,1499
"From ODOT To Home",Monday,19:40,1418
"To ODOT From Home",Monday,20:0,1489
"From ODOT To Home",Monday,20:0,1495
"To ODOT From Home",Monday,20:20,1477
"From ODOT To Home",Monday,20:20,1493
"To ODOT From Home",Monday,20:40,1457
"From ODOT To Home",Monday,20:40,1500
"To ODOT From Home",Monday,21:0,1520
"From ODOT To Home",Monday,21:0,1516
"To ODOT From Home",Monday,21:20,1516
"From ODOT To Home",Monday,21:20,1487
"To ODOT From Home",Monday,21:40,1501
"From ODOT To Home",Monday,21:40,1508
"To ODOT From Home",Monday,22:0,1533
"From ODOT To Home",Monday,22:0,1542
"To ODOT From Home",Monday,22:20,1538
"From ODOT To Home",Monday,22:20,1616
"To ODOT From Home",Monday,22:40,1506
"From ODOT To Home",Monday,22:40,1691
"To ODOT From Home",Monday,23:0,1508
"From ODOT To Home",Monday,23:0,1879
"To ODOT From Home",Monday,23:20,1546
"From ODOT To Home",Monday,23:20,2209
"To ODOT From Home",Monday,23:40,1567
"From ODOT To Home",Monday,23:40,2056
"To ODOT From Home",Tuesday,0:0,1590
"From ODOT To Home",Tuesday,0:0,2216
"To ODOT From Home",Tuesday,0:20,1548
"From ODOT To Home",Tuesday,0:20,2147
"To ODOT From Home",Tuesday,0:40,1503
"From ODOT To Home",Tuesday,0:40,2242
"To ODOT From Home",Tuesday,1:0,1462
"From ODOT To Home",Tuesday,1:0,2026
"To ODOT From Home",Tuesday,1:20,1427
"From ODOT To Home",Tuesday,1:20,1691
"To ODOT From Home",Tuesday,1:40,1396
"From ODOT To Home",Tuesday,1:40,1452
"To ODOT From Home",Tuesday,2:0,1381
"From ODOT To Home",Tuesday,2:0,1331
"To ODOT From Home",Tuesday,2:20,1422
"From ODOT To Home",Tuesday,2:20,1340
"To ODOT From Home",Tuesday,2:40,1379
"From ODOT To Home",Tuesday,2:40,1316
"To ODOT From Home",Tuesday,3:0,1386
"From ODOT To Home",Tuesday,3:0,1320
"To ODOT From Home",Tuesday,3:20,1373
"From ODOT To Home",Tuesday,3:20,1311
"To ODOT From Home",Tuesday,3:40,1342
"From ODOT To Home",Tuesday,3:40,1306
"To ODOT From Home",Tuesday,4:0,1382
"From ODOT To Home",Tuesday,4:0,1304
"To ODOT From Home",Tuesday,4:20,1374
"From ODOT To Home",Tuesday,4:20,1321
"To ODOT From Home",Tuesday,4:40,1378
"From ODOT To Home",Tuesday,4:40,1309
"To ODOT From Home",Tuesday,5:0,1337
"From ODOT To Home",Tuesday,5:0,1284
"To ODOT From Home",Tuesday,5:20,1310
"From ODOT To Home",Tuesday,5:20,1289
"To ODOT From Home",Tuesday,5:40,1302
"From ODOT To Home",Tuesday,5:40,1264
"To ODOT From Home",Tuesday,6:0,1309
"From ODOT To Home",Tuesday,6:0,1243
"To ODOT From Home",Tuesday,6:20,1309
"From ODOT To Home",Tuesday,6:20,1249
"To ODOT From Home",Tuesday,6:40,1321
"From ODOT To Home",Tuesday,6:40,1253
"To ODOT From Home",Tuesday,7:0,1327
"From ODOT To Home",Tuesday,7:0,1252
"To ODOT From Home",Tuesday,7:20,1326
"From ODOT To Home",Tuesday,7:20,1245
"To ODOT From Home",Tuesday,7:40,1298
"From ODOT To Home",Tuesday,7:40,1252
"To ODOT From Home",Tuesday,8:0,1292
"From ODOT To Home",Tuesday,8:0,1250
"To ODOT From Home",Tuesday,8:20,1299
"From ODOT To Home",Tuesday,8:20,1238
"To ODOT From Home",Tuesday,8:40,1283
"From ODOT To Home",Tuesday,8:40,1242
"To ODOT From Home",Tuesday,9:0,1286
"From ODOT To Home",Tuesday,9:0,1239
"To ODOT From Home",Tuesday,9:20,1292
"From ODOT To Home",Tuesday,9:20,1246
"To ODOT From Home",Tuesday,9:40,1311
"From ODOT To Home",Tuesday,9:40,1250
"To ODOT From Home",Tuesday,10:0,1302
"From ODOT To Home",Tuesday,10:0,1252
"To ODOT From Home",Tuesday,10:20,1280
"From ODOT To Home",Tuesday,10:20,1252
"To ODOT From Home",Tuesday,10:40,1276
"From ODOT To Home",Tuesday,10:40,1250
"To ODOT From Home",Tuesday,11:0,1285
"From ODOT To Home",Tuesday,11:0,1249
"To ODOT From Home",Tuesday,11:20,1301
"From ODOT To Home",Tuesday,11:20,1257
"To ODOT From Home",Tuesday,11:40,1315
"From ODOT To Home",Tuesday,11:40,1268
"To ODOT From Home",Tuesday,12:0,1312
"From ODOT To Home",Tuesday,12:0,1279
"To ODOT From Home",Tuesday,12:20,1334
"From ODOT To Home",Tuesday,12:20,1287
"To ODOT From Home",Tuesday,12:40,1385
"From ODOT To Home",Tuesday,12:40,1306
"To ODOT From Home",Tuesday,13:0,1473
"From ODOT To Home",Tuesday,13:0,1313
"To ODOT From Home",Tuesday,13:20,1560
"From ODOT To Home",Tuesday,13:20,1382
"To ODOT From Home",Tuesday,13:40,1755
"From ODOT To Home",Tuesday,13:40,1416
"To ODOT From Home",Tuesday,14:0,1928
"From ODOT To Home",Tuesday,14:0,1423
"To ODOT From Home",Tuesday,14:20,2099
"From ODOT To Home",Tuesday,14:20,1439
"To ODOT From Home",Tuesday,14:40,2097
"From ODOT To Home",Tuesday,14:40,1452
"To ODOT From Home",Tuesday,15:0,2155
"From ODOT To Home",Tuesday,15:0,1477
"To ODOT From Home",Tuesday,15:20,1909
"From ODOT To Home",Tuesday,15:20,1440
"To ODOT From Home",Tuesday,15:40,1881
"From ODOT To Home",Tuesday,15:40,1478
"To ODOT From Home",Tuesday,16:0,1783
"From ODOT To Home",Tuesday,16:0,1460
"To ODOT From Home",Tuesday,16:20,1625
"From ODOT To Home",Tuesday,16:20,1397
"To ODOT From Home",Tuesday,16:40,1551
"From ODOT To Home",Tuesday,16:40,1398
"To ODOT From Home",Tuesday,17:0,1513
"From ODOT To Home",Tuesday,17:0,1373
"To ODOT From Home",Tuesday,17:20,1533
"From ODOT To Home",Tuesday,17:20,1405
"To ODOT From Home",Tuesday,17:40,1488
"From ODOT To Home",Tuesday,17:40,1411
"To ODOT From Home",Tuesday,18:0,1491
"From ODOT To Home",Tuesday,18:0,1418
"To ODOT From Home",Tuesday,18:20,1481
"From ODOT To Home",Tuesday,18:20,1433
"To ODOT From Home",Tuesday,18:40,1504
"From ODOT To Home",Tuesday,18:40,1432
"To ODOT From Home",Tuesday,19:0,1514
"From ODOT To Home",Tuesday,19:0,1483
"To ODOT From Home",Tuesday,19:20,1518
"From ODOT To Home",Tuesday,19:20,1451
"To ODOT From Home",Tuesday,19:40,1487
"From ODOT To Home",Tuesday,19:40,1413
"To ODOT From Home",Tuesday,20:0,1491
"From ODOT To Home",Tuesday,20:0,1453
"To ODOT From Home",Tuesday,20:20,1485
"From ODOT To Home",Tuesday,20:20,1449
"To ODOT From Home",Tuesday,20:40,1483
"From ODOT To Home",Tuesday,20:40,1444
"To ODOT From Home",Tuesday,21:0,1491
"From ODOT To Home",Tuesday,21:0,1494
"To ODOT From Home",Tuesday,21:20,1499
"From ODOT To Home",Tuesday,21:20,1487
"To ODOT From Home",Tuesday,21:40,1524
"From ODOT To Home",Tuesday,21:40,1561
"To ODOT From Home",Tuesday,22:0,1503
"From ODOT To Home",Tuesday,22:0,1592
"To ODOT From Home",Tuesday,22:20,1519
"From ODOT To Home",Tuesday,22:20,1709
"To ODOT From Home",Tuesday,22:40,1515
"From ODOT To Home",Tuesday,22:40,1862
"To ODOT From Home",Tuesday,23:0,1568
"From ODOT To Home",Tuesday,23:0,2027
"To ODOT From Home",Tuesday,23:20,1651
"From ODOT To Home",Tuesday,23:20,2109
"To ODOT From Home",Tuesday,23:40,1619
"From ODOT To Home",Tuesday,23:40,2112
"To ODOT From Home",Wednesday,0:0,1689
"From ODOT To Home",Wednesday,0:0,2163
"To ODOT From Home",Wednesday,0:20,1592
"From ODOT To Home",Wednesday,0:20,1903
"To ODOT From Home",Wednesday,0:40,1571
"From ODOT To Home",Wednesday,0:40,1838
"To ODOT From Home",Wednesday,1:0,1460
"From ODOT To Home",Wednesday,1:0,1735
"To ODOT From Home",Wednesday,1:20,1450
"From ODOT To Home",Wednesday,1:20,1500
"To ODOT From Home",Wednesday,1:40,1393
"From ODOT To Home",Wednesday,1:40,1414
"To ODOT From Home",Wednesday,2:0,1403
"From ODOT To Home",Wednesday,2:0,1390
"To ODOT From Home",Wednesday,2:20,1401
"From ODOT To Home",Wednesday,2:20,1346
"To ODOT From Home",Wednesday,2:40,1438
"From ODOT To Home",Wednesday,2:40,1352
"To ODOT From Home",Wednesday,3:0,1407
"From ODOT To Home",Wednesday,3:0,1320
"To ODOT From Home",Wednesday,3:20,1412
"From ODOT To Home",Wednesday,3:20,1305
"To ODOT From Home",Wednesday,3:40,1409
"From ODOT To Home",Wednesday,3:40,1324
"To ODOT From Home",Wednesday,4:0,1424
"From ODOT To Home",Wednesday,4:0,1306
"To ODOT From Home",Wednesday,4:20,1374
"From ODOT To Home",Wednesday,4:20,1317
"To ODOT From Home",Wednesday,4:40,1333
"From ODOT To Home",Wednesday,4:40,1290
"To ODOT From Home",Wednesday,5:0,1311
"From ODOT To Home",Wednesday,5:0,1293
"To ODOT From Home",Wednesday,5:20,1307
"From ODOT To Home",Wednesday,5:20,1278
"To ODOT From Home",Wednesday,5:40,1291
"From ODOT To Home",Wednesday,5:40,1266
"To ODOT From Home",Wednesday,6:0,1307
"From ODOT To Home",Wednesday,6:0,1244
"To ODOT From Home",Wednesday,6:20,1305
"From ODOT To Home",Wednesday,6:20,1262
"To ODOT From Home",Wednesday,6:40,1290
"From ODOT To Home",Wednesday,6:40,1254
"To ODOT From Home",Wednesday,7:0,1302
"From ODOT To Home",Wednesday,7:0,1246
"To ODOT From Home",Wednesday,7:20,1294
"From ODOT To Home",Wednesday,7:20,1239
"To ODOT From Home",Wednesday,7:40,1282
"From ODOT To Home",Wednesday,7:40,1236
"To ODOT From Home",Wednesday,8:0,1281
"From ODOT To Home",Wednesday,8:0,1233
"To ODOT From Home",Wednesday,8:20,1281
"From ODOT To Home",Wednesday,8:20,1266
"To ODOT From Home",Wednesday,8:40,1307
"From ODOT To Home",Wednesday,8:40,1262
"To ODOT From Home",Wednesday,9:0,1308
"From ODOT To Home",Wednesday,9:0,1251
"To ODOT From Home",Wednesday,9:20,1312
"From ODOT To Home",Wednesday,9:20,1224
"To ODOT From Home",Wednesday,9:40,1304
"From ODOT To Home",Wednesday,9:40,1236
"To ODOT From Home",Wednesday,10:0,1299
"From ODOT To Home",Wednesday,10:0,1248
"To ODOT From Home",Wednesday,10:20,1326
"From ODOT To Home",Wednesday,10:20,1248
"To ODOT From Home",Wednesday,10:40,1304
"From ODOT To Home",Wednesday,10:40,1258
"To ODOT From Home",Wednesday,11:0,1320
"From ODOT To Home",Wednesday,11:0,1288
"To ODOT From Home",Wednesday,11:20,1329
"From ODOT To Home",Wednesday,11:20,1298
"To ODOT From Home",Wednesday,11:40,1317
"From ODOT To Home",Wednesday,11:40,1251
"To ODOT From Home",Wednesday,12:0,1330
"From ODOT To Home",Wednesday,12:0,1305
"To ODOT From Home",Wednesday,12:20,1356
"From ODOT To Home",Wednesday,12:20,1398
"To ODOT From Home",Wednesday,12:40,1370
"From ODOT To Home",Wednesday,12:40,1403
"To ODOT From Home",Wednesday,13:0,1430
"From ODOT To Home",Wednesday,13:0,1370
"To ODOT From Home",Wednesday,13:20,1521
"From ODOT To Home",Wednesday,13:20,1336
"To ODOT From Home",Wednesday,13:40,1680
"From ODOT To Home",Wednesday,13:40,1371
"To ODOT From Home",Wednesday,14:0,1832
"From ODOT To Home",Wednesday,14:0,1376
"To ODOT From Home",Wednesday,14:20,1957
"From ODOT To Home",Wednesday,14:20,1460
"To ODOT From Home",Wednesday,14:40,2082
"From ODOT To Home",Wednesday,14:40,1430
"To ODOT From Home",Wednesday,15:0,2197
"From ODOT To Home",Wednesday,15:0,1499
"To ODOT From Home",Wednesday,15:20,2030
"From ODOT To Home",Wednesday,15:20,1428
"To ODOT From Home",Wednesday,15:40,1799
"From ODOT To Home",Wednesday,15:40,1441
"To ODOT From Home",Wednesday,16:0,1542
"From ODOT To Home",Wednesday,16:0,1437
"To ODOT From Home",Wednesday,16:20,1496
"From ODOT To Home",Wednesday,16:20,1478
"To ODOT From Home",Wednesday,16:40,1485
"From ODOT To Home",Wednesday,16:40,1400
"To ODOT From Home",Wednesday,17:0,1495
"From ODOT To Home",Wednesday,17:0,1407
"To ODOT From Home",Wednesday,17:20,1513
"From ODOT To Home",Wednesday,17:20,1405
"To ODOT From Home",Wednesday,17:40,1490
"From ODOT To Home",Wednesday,17:40,1397
"To ODOT From Home",Wednesday,18:0,1497
"From ODOT To Home",Wednesday,18:0,1409
"To ODOT From Home",Wednesday,18:20,1515
"From ODOT To Home",Wednesday,18:20,1424
"To ODOT From Home",Wednesday,18:40,1499
"From ODOT To Home",Wednesday,18:40,1455
"To ODOT From Home",Wednesday,19:0,1515
"From ODOT To Home",Wednesday,19:0,1428
"To ODOT From Home",Wednesday,19:20,1538
"From ODOT To Home",Wednesday,19:20,1459
"To ODOT From Home",Wednesday,19:40,1586
"From ODOT To Home",Wednesday,19:40,1503
"To ODOT From Home",Wednesday,20:0,1513
"From ODOT To Home",Wednesday,20:0,1496
"To ODOT From Home",Wednesday,20:20,1499
"From ODOT To Home",Wednesday,20:20,1465
"To ODOT From Home",Wednesday,20:40,1500
"From ODOT To Home",Wednesday,20:40,1614
"To ODOT From Home",Wednesday,21:0,1513
"From ODOT To Home",Wednesday,21:0,1613
"To ODOT From Home",Wednesday,21:20,1507
"From ODOT To Home",Wednesday,21:20,1524
"To ODOT From Home",Wednesday,21:40,1554
"From ODOT To Home",Wednesday,21:40,1601
"To ODOT From Home",Wednesday,22:0,1522
"From ODOT To Home",Wednesday,22:0,1668
"To ODOT From Home",Wednesday,22:20,1529
"From ODOT To Home",Wednesday,22:20,1751
"To ODOT From Home",Wednesday,22:40,1563
"From ODOT To Home",Wednesday,22:40,1891
"To ODOT From Home",Wednesday,23:0,1589
"From ODOT To Home",Wednesday,23:0,1973
"To ODOT From Home",Wednesday,23:20,1607
"From ODOT To Home",Wednesday,23:20,2175
"To ODOT From Home",Wednesday,23:40,1632
"From ODOT To Home",Wednesday,23:40,2184
"To ODOT From Home",Thursday,0:0,1629
"From ODOT To Home",Thursday,0:0,2117
"To ODOT From Home",Thursday,0:20,1593
"From ODOT To Home",Thursday,0:20,2087
"To ODOT From Home",Thursday,0:40,1586
"From ODOT To Home",Thursday,0:40,1915
"To ODOT From Home",Thursday,1:0,1474
"From ODOT To Home",Thursday,1:0,1647
"To ODOT From Home",Thursday,1:20,1479
"From ODOT To Home",Thursday,1:20,1455
"To ODOT From Home",Thursday,1:40,1433
"From ODOT To Home",Thursday,1:40,1405
"To ODOT From Home",Thursday,2:0,1416
"From ODOT To Home",Thursday,2:0,1363
"To ODOT From Home",Thursday,2:20,1410
"From ODOT To Home",Thursday,2:20,1336
"To ODOT From Home",Thursday,2:40,1366
"From ODOT To Home",Thursday,2:40,1313
"To ODOT From Home",Thursday,3:0,1358
"From ODOT To Home",Thursday,3:0,1314
"To ODOT From Home",Thursday,3:20,1393
"From ODOT To Home",Thursday,3:20,1305
"To ODOT From Home",Thursday,3:40,1394
"From ODOT To Home",Thursday,3:40,1331
"To ODOT From Home",Thursday,4:0,1402
"From ODOT To Home",Thursday,4:0,1326
"To ODOT From Home",Thursday,4:20,1367
"From ODOT To Home",Thursday,4:20,1330
"To ODOT From Home",Thursday,4:40,1340
"From ODOT To Home",Thursday,4:40,1324
"To ODOT From Home",Thursday,5:0,1349
"From ODOT To Home",Thursday,5:0,1315
"To ODOT From Home",Thursday,5:20,1372
"From ODOT To Home",Thursday,5:20,1300
"To ODOT From Home",Thursday,5:40,1323
"From ODOT To Home",Thursday,5:40,1267
"To ODOT From Home",Thursday,6:0,1297
"From ODOT To Home",Thursday,6:0,1290
"To ODOT From Home",Thursday,6:20,1301
"From ODOT To Home",Thursday,6:20,1249
"To ODOT From Home",Thursday,6:40,1297
"From ODOT To Home",Thursday,6:40,1251
"To ODOT From Home",Thursday,7:0,1307
"From ODOT To Home",Thursday,7:0,1250
"To ODOT From Home",Thursday,7:20,1328
"From ODOT To Home",Thursday,7:20,1268
"To ODOT From Home",Thursday,7:40,1322
"From ODOT To Home",Thursday,7:40,1264
"To ODOT From Home",Thursday,8:0,1320
"From ODOT To Home",Thursday,8:0,1268
"To ODOT From Home",Thursday,8:20,1306
"From ODOT To Home",Thursday,8:20,1258
"To ODOT From Home",Thursday,8:40,1310
"From ODOT To Home",Thursday,8:40,1259
"To ODOT From Home",Thursday,9:0,1290
"From ODOT To Home",Thursday,9:0,1255
"To ODOT From Home",Thursday,9:20,1308
"From ODOT To Home",Thursday,9:20,1245
"To ODOT From Home",Thursday,9:40,1325
"From ODOT To Home",Thursday,9:40,1248
"To ODOT From Home",Thursday,10:0,1335
"From ODOT To Home",Thursday,10:0,1261
"To ODOT From Home",Thursday,10:20,1324
"From ODOT To Home",Thursday,10:20,1251
"To ODOT From Home",Thursday,10:40,1325
"From ODOT To Home",Thursday,10:40,1265
"To ODOT From Home",Thursday,11:0,1301
"From ODOT To Home",Thursday,11:0,1263
"To ODOT From Home",Thursday,11:20,1320
"From ODOT To Home",Thursday,11:20,1271
"To ODOT From Home",Thursday,11:40,1313
"From ODOT To Home",Thursday,11:40,1285
"To ODOT From Home",Thursday,12:0,1328
"From ODOT To Home",Thursday,12:0,1318
"To ODOT From Home",Thursday,12:20,1335
"From ODOT To Home",Thursday,12:20,1334
"To ODOT From Home",Thursday,12:40,1378
"From ODOT To Home",Thursday,12:40,1345
"To ODOT From Home",Thursday,13:0,1457
"From ODOT To Home",Thursday,13:0,1359
"To ODOT From Home",Thursday,13:20,1554
"From ODOT To Home",Thursday,13:20,1336
"To ODOT From Home",Thursday,13:40,1644
"From ODOT To Home",Thursday,13:40,1380
"To ODOT From Home",Thursday,14:0,1843
"From ODOT To Home",Thursday,14:0,1415
"To ODOT From Home",Thursday,14:20,2145
"From ODOT To Home",Thursday,14:20,1436
"To ODOT From Home",Thursday,14:40,2261
"From ODOT To Home",Thursday,14:40,1432
"To ODOT From Home",Thursday,15:0,2475
"From ODOT To Home",Thursday,15:0,1477
"To ODOT From Home",Thursday,15:20,2241
"From ODOT To Home",Thursday,15:20,1517
"To ODOT From Home",Thursday,15:40,1966
"From ODOT To Home",Thursday,15:40,1442
"To ODOT From Home",Thursday,16:0,1714
"From ODOT To Home",Thursday,16:0,1442
"To ODOT From Home",Thursday,16:20,1657
"From ODOT To Home",Thursday,16:20,1462
"To ODOT From Home",Thursday,16:40,1619
"From ODOT To Home",Thursday,16:40,1403
"To ODOT From Home",Thursday,17:0,1541
"From ODOT To Home",Thursday,17:0,1420
"To ODOT From Home",Thursday,17:20,1518
"From ODOT To Home",Thursday,17:20,1390
"To ODOT From Home",Thursday,17:40,1527
"From ODOT To Home",Thursday,17:40,1410
"To ODOT From Home",Thursday,18:0,1513
"From ODOT To Home",Thursday,18:0,1441
"To ODOT From Home",Thursday,18:20,1512
"From ODOT To Home",Thursday,18:20,1450
"To ODOT From Home",Thursday,18:40,1523
"From ODOT To Home",Thursday,18:40,1427
"To ODOT From Home",Thursday,19:0,1542
"From ODOT To Home",Thursday,19:0,1477
"To ODOT From Home",Thursday,19:20,1520
"From ODOT To Home",Thursday,19:20,1441
"To ODOT From Home",Thursday,19:40,1538
"From ODOT To Home",Thursday,19:40,1438
"To ODOT From Home",Thursday,20:0,1633
"From ODOT To Home",Thursday,20:0,1483
"To ODOT From Home",Thursday,20:20,1600
"From ODOT To Home",Thursday,20:20,1472
"To ODOT From Home",Thursday,20:40,1543
"From ODOT To Home",Thursday,20:40,1461
"To ODOT From Home",Thursday,21:0,1558
"From ODOT To Home",Thursday,21:0,1489
"To ODOT From Home",Thursday,21:20,1511
"From ODOT To Home",Thursday,21:20,1516
"To ODOT From Home",Thursday,21:40,1490
"From ODOT To Home",Thursday,21:40,1653
"To ODOT From Home",Thursday,22:0,1478
"From ODOT To Home",Thursday,22:0,1550
"To ODOT From Home",Thursday,22:20,1528
"From ODOT To Home",Thursday,22:20,1690
"To ODOT From Home",Thursday,22:40,1562
"From ODOT To Home",Thursday,22:40,1962
"To ODOT From Home",Thursday,23:0,1549
"From ODOT To Home",Thursday,23:0,2016
"To ODOT From Home",Thursday,23:20,1562
"From ODOT To Home",Thursday,23:20,2085
"To ODOT From Home",Thursday,23:40,1617
"From ODOT To Home",Thursday,23:40,2141
"To ODOT From Home",Friday,0:0,1625
"From ODOT To Home",Friday,0:0,1966
"To ODOT From Home",Friday,0:20,1638
"From ODOT To Home",Friday,0:20,1855
"To ODOT From Home",Friday,0:40,1572
"From ODOT To Home",Friday,0:40,1904
"To ODOT From Home",Friday,1:0,1498
"From ODOT To Home",Friday,1:0,1797
"To ODOT From Home",Friday,1:20,1482
"From ODOT To Home",Friday,1:20,1495
"To ODOT From Home",Friday,1:40,1435
"From ODOT To Home",Friday,1:40,1411
"To ODOT From Home",Friday,2:0,1401
"From ODOT To Home",Friday,2:0,1361
"To ODOT From Home",Friday,2:20,1389
"From ODOT To Home",Friday,2:20,1392
"To ODOT From Home",Friday,2:40,1394
"From ODOT To Home",Friday,2:40,1399
"To ODOT From Home",Friday,3:0,1401
"From ODOT To Home",Friday,3:0,1377
"To ODOT From Home",Friday,3:20,1396
"From ODOT To Home",Friday,3:20,1331
"To ODOT From Home",Friday,3:40,1402
"From ODOT To Home",Friday,3:40,1328
"To ODOT From Home",Friday,4:0,1392
"From ODOT To Home",Friday,4:0,1335
"To ODOT From Home",Friday,4:20,1374
"From ODOT To Home",Friday,4:20,1339
"To ODOT From Home",Friday,4:40,1357
"From ODOT To Home",Friday,4:40,1324
"To ODOT From Home",Friday,5:0,1339
"From ODOT To Home",Friday,5:0,1314
"To ODOT From Home",Friday,5:20,1341
"From ODOT To Home",Friday,5:20,1324
"To ODOT From Home",Friday,5:40,1329
"From ODOT To Home",Friday,5:40,1289
"To ODOT From Home",Friday,6:0,1342
"From ODOT To Home",Friday,6:0,1283
"To ODOT From Home",Friday,6:20,1343
"From ODOT To Home",Friday,6:20,1277
"To ODOT From Home",Friday,6:40,1323
"From ODOT To Home",Friday,6:40,1270
"To ODOT From Home",Friday,7:0,1312
"From ODOT To Home",Friday,7:0,1247
"To ODOT From Home",Friday,7:20,1292
"From ODOT To Home",Friday,7:20,1247
"To ODOT From Home",Friday,7:40,1290
"From ODOT To Home",Friday,7:40,1237
"To ODOT From Home",Friday,8:0,1303
"From ODOT To Home",Friday,8:0,1256
"To ODOT From Home",Friday,8:20,1319
"From ODOT To Home",Friday,8:20,1264
"To ODOT From Home",Friday,8:40,1310
"From ODOT To Home",Friday,8:40,1270
"To ODOT From Home",Friday,9:0,1296
"From ODOT To Home",Friday,9:0,1269
"To ODOT From Home",Friday,9:20,1294
"From ODOT To Home",Friday,9:20,1252
"To ODOT From Home",Friday,9:40,1303
"From ODOT To Home",Friday,9:40,1255
"To ODOT From Home",Friday,10:0,1309
"From ODOT To Home",Friday,10:0,1245
"To ODOT From Home",Friday,10:20,1317
"From ODOT To Home",Friday,10:20,1257
"To ODOT From Home",Friday,10:40,1310
"From ODOT To Home",Friday,10:40,1254
"To ODOT From Home",Friday,11:0,1300
"From ODOT To Home",Friday,11:0,1271
"To ODOT From Home",Friday,11:20,1301
"From ODOT To Home",Friday,11:20,1278
"To ODOT From Home",Friday,11:40,1317
"From ODOT To Home",Friday,11:40,1281
"To ODOT From Home",Friday,12:0,1333
"From ODOT To Home",Friday,12:0,1263
"To ODOT From Home",Friday,12:20,1320
"From ODOT To Home",Friday,12:20,1307
"To ODOT From Home",Friday,12:40,1397
"From ODOT To Home",Friday,12:40,1357
"To ODOT From Home",Friday,13:0,1470
"From ODOT To Home",Friday,13:0,1340
"To ODOT From Home",Friday,13:20,1607
"From ODOT To Home",Friday,13:20,1416
"To ODOT From Home",Friday,13:40,1823
"From ODOT To Home",Friday,13:40,1403
"To ODOT From Home",Friday,14:0,2005
"From ODOT To Home",Friday,14:0,1420
"To ODOT From Home",Friday,14:20,1921
"From ODOT To Home",Friday,14:20,1443
"To ODOT From Home",Friday,14:40,1937
"From ODOT To Home",Friday,14:40,1433
"To ODOT From Home",Friday,15:0,1913
"From ODOT To Home",Friday,15:0,1509
"To ODOT From Home",Friday,15:20,1891
"From ODOT To Home",Friday,15:20,1468
"To ODOT From Home",Friday,15:40,1847
"From ODOT To Home",Friday,15:40,1473
"To ODOT From Home",Friday,16:0,1691
"From ODOT To Home",Friday,16:0,1483
"To ODOT From Home",Friday,16:20,1718
"From ODOT To Home",Friday,16:20,1441
"To ODOT From Home",Friday,16:40,1612
"From ODOT To Home",Friday,16:40,1466
"To ODOT From Home",Friday,17:0,1563
"From ODOT To Home",Friday,17:0,1454
"To ODOT From Home",Friday,17:20,1524
"From ODOT To Home",Friday,17:20,1451
"To ODOT From Home",Friday,17:40,1527
"From ODOT To Home",Friday,17:40,1449
"To ODOT From Home",Friday,18:0,1524
"From ODOT To Home",Friday,18:0,1448
"To ODOT From Home",Friday,18:20,1582
"From ODOT To Home",Friday,18:20,1455
"To ODOT From Home",Friday,18:40,1658
"From ODOT To Home",Friday,18:40,1508
"To ODOT From Home",Friday,19:0,1640
"From ODOT To Home",Friday,19:0,1513
"To ODOT From Home",Friday,19:20,1558
"From ODOT To Home",Friday,19:20,1513
"To ODOT From Home",Friday,19:40,1547
"From ODOT To Home",Friday,19:40,1525
"To ODOT From Home",Friday,20:0,1571
"From ODOT To Home",Friday,20:0,1516
"To ODOT From Home",Friday,20:20,1590
"From ODOT To Home",Friday,20:20,1544
"To ODOT From Home",Friday,20:40,1539
"From ODOT To Home",Friday,20:40,1568
"To ODOT From Home",Friday,21:0,1533
"From ODOT To Home",Friday,21:0,1530
"To ODOT From Home",Friday,21:20,1515
"From ODOT To Home",Friday,21:20,1562
"To ODOT From Home",Friday,21:40,1525
"From ODOT To Home",Friday,21:40,1656
"To ODOT From Home",Friday,22:0,1530
"From ODOT To Home",Friday,22:0,1722
"To ODOT From Home",Friday,22:20,1550
"From ODOT To Home",Friday,22:20,1774
"To ODOT From Home",Friday,22:40,1822
"From ODOT To Home",Friday,22:40,1915
"To ODOT From Home",Friday,23:0,1870
"From ODOT To Home",Friday,23:0,2157
"To ODOT From Home",Friday,23:20,1792
"From ODOT To Home",Friday,23:20,2236
"To ODOT From Home",Friday,23:40,1790
"From ODOT To Home",Friday,23:40,2081
"To ODOT From Home",Saturday,0:0,1899
"From ODOT To Home",Saturday,0:0,2006
"To ODOT From Home",Saturday,0:20,1849
"From ODOT To Home",Saturday,0:20,1893
"To ODOT From Home",Saturday,0:40,1789
"From ODOT To Home",Saturday,0:40,1794
"To ODOT From Home",Saturday,1:0,1737
"From ODOT To Home",Saturday,1:0,1635
"To ODOT From Home",Saturday,1:20,1577
"From ODOT To Home",Saturday,1:20,1546
"To ODOT From Home",Saturday,1:40,1494
"From ODOT To Home",Saturday,1:40,1434
"To ODOT From Home",Saturday,2:0,1446
"From ODOT To Home",Saturday,2:0,1400
"To ODOT From Home",Saturday,2:20,1460
"From ODOT To Home",Saturday,2:20,1373
"To ODOT From Home",Saturday,2:40,1404
"From ODOT To Home",Saturday,2:40,1359
"To ODOT From Home",Saturday,3:0,1397
"From ODOT To Home",Saturday,3:0,1414
"To ODOT From Home",Saturday,3:20,1408
"From ODOT To Home",Saturday,3:20,1355
"To ODOT From Home",Saturday,3:40,1419
"From ODOT To Home",Saturday,3:40,1347
"To ODOT From Home",Saturday,4:0,1402
"From ODOT To Home",Saturday,4:0,1364
"To ODOT From Home",Saturday,4:20,1408
"From ODOT To Home",Saturday,4:20,1356
"To ODOT From Home",Saturday,4:40,1387
"From ODOT To Home",Saturday,4:40,1332
"To ODOT From Home",Saturday,5:0,1371
"From ODOT To Home",Saturday,5:0,1361
"To ODOT From Home",Saturday,5:20,1356
"From ODOT To Home",Saturday,5:20,1334
"To ODOT From Home",Saturday,5:40,1357
"From ODOT To Home",Saturday,5:40,1323
"To ODOT From Home",Saturday,6:0,1354
"From ODOT To Home",Saturday,6:0,1319
"To ODOT From Home",Saturday,6:20,1342
"From ODOT To Home",Saturday,6:20,1315
"To ODOT From Home",Saturday,6:40,1346
"From ODOT To Home",Saturday,6:40,1314
"To ODOT From Home",Saturday,7:0,1347
"From ODOT To Home",Saturday,7:0,1295
"To ODOT From Home",Saturday,7:20,1363
"From ODOT To Home",Saturday,7:20,1280
"To ODOT From Home",Saturday,7:40,1337
"From ODOT To Home",Saturday,7:40,1294
"To ODOT From Home",Saturday,8:0,1329
"From ODOT To Home",Saturday,8:0,1256
"To ODOT From Home",Saturday,8:20,1328
"From ODOT To Home",Saturday,8:20,1244
"To ODOT From Home",Saturday,8:40,1336
"From ODOT To Home",Saturday,8:40,1255
"To ODOT From Home",Saturday,9:0,1324
"From ODOT To Home",Saturday,9:0,1242
"To ODOT From Home",Saturday,9:20,1311
"From ODOT To Home",Saturday,9:20,1259
"To ODOT From Home",Saturday,9:40,1320
"From ODOT To Home",Saturday,9:40,1256
"To ODOT From Home",Saturday,10:0,1323
"From ODOT To Home",Saturday,10:0,1259
"To ODOT From Home",Saturday,10:20,1328
"From ODOT To Home",Saturday,10:20,1247
"To ODOT From Home",Saturday,10:40,1324
"From ODOT To Home",Saturday,10:40,1254
"To ODOT From Home",Saturday,11:0,1311
"From ODOT To Home",Saturday,11:0,1261
"To ODOT From Home",Saturday,11:20,1307
"From ODOT To Home",Saturday,11:20,1296
"To ODOT From Home",Saturday,11:40,1283
"From ODOT To Home",Saturday,11:40,1297
"To ODOT From Home",Saturday,12:0,1286
"From ODOT To Home",Saturday,12:0,1293
"To ODOT From Home",Saturday,12:20,1312
"From ODOT To Home",Saturday,12:20,1268
"To ODOT From Home",Saturday,12:40,1314
"From ODOT To Home",Saturday,12:40,1265
"To ODOT From Home",Saturday,13:0,1313
"From ODOT To Home",Saturday,13:0,1274
"To ODOT From Home",Saturday,13:20,1325
"From ODOT To Home",Saturday,13:20,1266
"To ODOT From Home",Saturday,13:40,1311
"From ODOT To Home",Saturday,13:40,1264
"To ODOT From Home",Saturday,14:0,1298
"From ODOT To Home",Saturday,14:0,1249
"To ODOT From Home",Saturday,14:20,1319
"From ODOT To Home",Saturday,14:20,1241
"To ODOT From Home",Saturday,14:40,1323
"From ODOT To Home",Saturday,14:40,1288
"To ODOT From Home",Saturday,15:0,1327
"From ODOT To Home",Saturday,15:0,1269
"To ODOT From Home",Saturday,15:20,1316
"From ODOT To Home",Saturday,15:20,1279
"To ODOT From Home",Saturday,15:40,1347
"From ODOT To Home",Saturday,15:40,1335
"To ODOT From Home",Saturday,16:0,1361
"From ODOT To Home",Saturday,16:0,1319
"To ODOT From Home",Saturday,16:20,1409
"From ODOT To Home",Saturday,16:20,1322
"To ODOT From Home",Saturday,16:40,1423
"From ODOT To Home",Saturday,16:40,1360
"To ODOT From Home",Saturday,17:0,1436
"From ODOT To Home",Saturday,17:0,1385
"To ODOT From Home",Saturday,17:20,1449
"From ODOT To Home",Saturday,17:20,1353
"To ODOT From Home",Saturday,17:40,1441
"From ODOT To Home",Saturday,17:40,1380
"To ODOT From Home",Saturday,18:0,1433
"From ODOT To Home",Saturday,18:0,1415
"To ODOT From Home",Saturday,18:20,1461
"From ODOT To Home",Saturday,18:20,1408
"To ODOT From Home",Saturday,18:40,1436
"From ODOT To Home",Saturday,18:40,1395
"To ODOT From Home",Saturday,19:0,1431
"From ODOT To Home",Saturday,19:0,1395
"To ODOT From Home",Saturday,19:20,1491
"From ODOT To Home",Saturday,19:20,1429
"To ODOT From Home",Saturday,19:40,1458
"From ODOT To Home",Saturday,19:40,1388
"To ODOT From Home",Saturday,20:0,1481
"From ODOT To Home",Saturday,20:0,1469
"To ODOT From Home",Saturday,20:20,1482
"From ODOT To Home",Saturday,20:20,1464
"To ODOT From Home",Saturday,20:40,1484
"From ODOT To Home",Saturday,20:40,1427
"To ODOT From Home",Saturday,21:0,1489
"From ODOT To Home",Saturday,21:0,1556
"To ODOT From Home",Saturday,21:20,1478
"From ODOT To Home",Saturday,21:20,1489
"To ODOT From Home",Saturday,21:40,1488
"From ODOT To Home",Saturday,21:40,1419
"To ODOT From Home",Saturday,22:0,1465
"From ODOT To Home",Saturday,22:0,1465
"To ODOT From Home",Saturday,22:20,1473
"From ODOT To Home",Saturday,22:20,1413
"To ODOT From Home",Saturday,22:40,1456
"From ODOT To Home",Saturday,22:40,1408
"To ODOT From Home",Saturday,23:0,1478
"From ODOT To Home",Saturday,23:0,1394
"To ODOT From Home",Saturday,23:20,1471
"From ODOT To Home",Saturday,23:20,1384
"To ODOT From Home",Saturday,23:40,1457
"From ODOT To Home",Saturday,23:40,1353
"To ODOT From Home",Sunday,0:0,1467
"From ODOT To Home",Sunday,0:0,1397
"To ODOT From Home",Sunday,0:20,1460
"From ODOT To Home",Sunday,0:20,1413
"To ODOT From Home",Sunday,0:40,1465
"From ODOT To Home",Sunday,0:40,1370
"To ODOT From Home",Sunday,1:0,1492
"From ODOT To Home",Sunday,1:0,1357
"To ODOT From Home",Sunday,1:20,1475
"From ODOT To Home",Sunday,1:20,1360
"To ODOT From Home",Sunday,1:40,1472
"From ODOT To Home",Sunday,1:40,1328
"To ODOT From Home",Sunday,2:0,1489
"From ODOT To Home",Sunday,2:0,1327
"To ODOT From Home",Sunday,2:20,1440
"From ODOT To Home",Sunday,2:20,1366
"To ODOT From Home",Sunday,2:40,1434
"From ODOT To Home",Sunday,2:40,1358
"To ODOT From Home",Sunday,3:0,1423
"From ODOT To Home",Sunday,3:0,1345
"To ODOT From Home",Sunday,3:20,1395
"From ODOT To Home",Sunday,3:20,1339
"To ODOT From Home",Sunday,3:40,1397
"From ODOT To Home",Sunday,3:40,1340
"To ODOT From Home",Sunday,4:0,1373
"From ODOT To Home",Sunday,4:0,1316
"To ODOT From Home",Sunday,4:20,1368
"From ODOT To Home",Sunday,4:20,1344
"To ODOT From Home",Sunday,4:40,1375
"From ODOT To Home",Sunday,4:40,1328
"To ODOT From Home",Sunday,5:0,1349
"From ODOT To Home",Sunday,5:0,1298
"To ODOT From Home",Sunday,5:20,1350
"From ODOT To Home",Sunday,5:20,1290
"To ODOT From Home",Sunday,5:40,1328
"From ODOT To Home",Sunday,5:40,1284
"To ODOT From Home",Sunday,6:0,1340
"From ODOT To Home",Sunday,6:0,1276
"To ODOT From Home",Sunday,6:20,1317
"From ODOT To Home",Sunday,6:20,1264
"To ODOT From Home",Sunday,6:40,1323
"From ODOT To Home",Sunday,6:40,1277
"To ODOT From Home",Sunday,7:0,1325
"From ODOT To Home",Sunday,7:0,1251
"To ODOT From Home",Sunday,7:20,1314
"From ODOT To Home",Sunday,7:20,1248
"To ODOT From Home",Sunday,7:40,1286
"From ODOT To Home",Sunday,7:40,1267
"To ODOT From Home",Sunday,8:0,1284
"From ODOT To Home",Sunday,8:0,1276
"To ODOT From Home",Sunday,8:20,1280
"From ODOT To Home",Sunday,8:20,1268
"To ODOT From Home",Sunday,8:40,1287
"From ODOT To Home",Sunday,8:40,1221
"To ODOT From Home",Sunday,9:0,1302
"From ODOT To Home",Sunday,9:0,1244
"To ODOT From Home",Sunday,9:20,1292
"From ODOT To Home",Sunday,9:20,1254
"To ODOT From Home",Sunday,9:40,1284
"From ODOT To Home",Sunday,9:40,1246
"To ODOT From Home",Sunday,10:0,1301
"From ODOT To Home",Sunday,10:0,1246
"To ODOT From Home",Sunday,10:20,1291
"From ODOT To Home",Sunday,10:20,1232
"To ODOT From Home",Sunday,10:40,1277
"From ODOT To Home",Sunday,10:40,1227
"To ODOT From Home",Sunday,11:0,1261
"From ODOT To Home",Sunday,11:0,1235
"To ODOT From Home",Sunday,11:20,1260
"From ODOT To Home",Sunday,11:20,1246
"To ODOT From Home",Sunday,11:40,1263
"From ODOT To Home",Sunday,11:40,1246
"To ODOT From Home",Sunday,12:0,1257
"From ODOT To Home",Sunday,12:0,1255
"To ODOT From Home",Sunday,12:20,1278
"From ODOT To Home",Sunday,12:20,1259
"To ODOT From Home",Sunday,12:40,1285
"From ODOT To Home",Sunday,12:40,1266
"To ODOT From Home",Sunday,13:0,1301
"From ODOT To Home",Sunday,13:0,1236
"To ODOT From Home",Sunday,13:20,1302
"From ODOT To Home",Sunday,13:20,1255
"To ODOT From Home",Sunday,13:40,1286
"From ODOT To Home",Sunday,13:40,1248
"To ODOT From Home",Sunday,14:0,1280
"From ODOT To Home",Sunday,14:0,1233
"To ODOT From Home",Sunday,14:20,1301
"From ODOT To Home",Sunday,14:20,1243
"To ODOT From Home",Sunday,14:40,1299
"From ODOT To Home",Sunday,14:40,1223
"To ODOT From Home",Sunday,15:0,1300
"From ODOT To Home",Sunday,15:0,1259
"To ODOT From Home",Sunday,15:20,1302
"From ODOT To Home",Sunday,15:20,1290
"To ODOT From Home",Sunday,15:40,1326
"From ODOT To Home",Sunday,15:40,1262
"To ODOT From Home",Sunday,16:0,1476
"From ODOT To Home",Sunday,16:0,1289
"To ODOT From Home",Sunday,16:20,1393
"From ODOT To Home",Sunday,16:20,1368
"To ODOT From Home",Sunday,16:40,1414
"From ODOT To Home",Sunday,16:40,1338
"To ODOT From Home",Sunday,17:0,1392
"From ODOT To Home",Sunday,17:0,1318
"To ODOT From Home",Sunday,17:20,1386
"From ODOT To Home",Sunday,17:20,1329
"To ODOT From Home",Sunday,17:40,1417
"From ODOT To Home",Sunday,17:40,1348
"To ODOT From Home",Sunday,18:0,1417
"From ODOT To Home",Sunday,18:0,1324
"To ODOT From Home",Sunday,18:20,1403
"From ODOT To Home",Sunday,18:20,1396
"To ODOT From Home",Sunday,18:40,1412
"From ODOT To Home",Sunday,18:40,1394
"To ODOT From Home",Sunday,19:0,1434
"From ODOT To Home",Sunday,19:0,1369
"To ODOT From Home",Sunday,19:20,1431
"From ODOT To Home",Sunday,19:20,1394
"To ODOT From Home",Sunday,19:40,1462
"From ODOT To Home",Sunday,19:40,1378
"To ODOT From Home",Sunday,20:0,1457
"From ODOT To Home",Sunday,20:0,1372
"To ODOT From Home",Sunday,20:20,1455
"From ODOT To Home",Sunday,20:20,1352
"To ODOT From Home",Sunday,20:40,1448
"From ODOT To Home",Sunday,20:40,1390
"To ODOT From Home",Sunday,21:0,1433
"From ODOT To Home",Sunday,21:0,1391
"To ODOT From Home",Sunday,21:20,1468
"From ODOT To Home",Sunday,21:20,1395
"To ODOT From Home",Sunday,21:40,1449
"From ODOT To Home",Sunday,21:40,1354
"To ODOT From Home",Sunday,22:0,1417
"From ODOT To Home",Sunday,22:0,1326
"To ODOT From Home",Sunday,22:20,1416
"From ODOT To Home",Sunday,22:20,1384
"To ODOT From Home",Sunday,22:40,1430
"From ODOT To Home",Sunday,22:40,1365
"To ODOT From Home",Sunday,23:0,1416
"From ODOT To Home",Sunday,23:0,1339
"To ODOT From Home",Sunday,23:20,1419
"From ODOT To Home",Sunday,23:20,1376
"To ODOT From Home",Sunday,23:40,1413
"From ODOT To Home",Sunday,23:40,1353
"To ODOT From Home",Monday,0:0,1406
"From ODOT To Home",Monday,0:0,1394
"To ODOT From Home",Monday,0:20,1407
"From ODOT To Home",Monday,0:20,1337
